ISim log file
Running: D:\Documents\Year 3\Term 6\Xilinx Programs\Mips\MahmoudMostafa_19102461_2021\mIPS\MIPS_SINGLECYCLE\TESTMIPS_isim_beh.exe -intstyle ise -gui -tclbatch isim.cmd -wdb D:/Documents/Year 3/Term 6/Xilinx Programs/Mips/MahmoudMostafa_19102461_2021/mIPS/MIPS_SINGLECYCLE/TESTMIPS_isim_beh.wdb 
ISim P.20131013 (signature 0x7708f090)
This is a Full version of ISim.
Time resolution is 1 ps
# onerror resume
# wave add /
# run 1000 ns
Simulator is doing circuit initialization process.
at 0 ps, Instance /testmips/uut/PC_BRANCH_ADDRESS/ : Warning: There is an 'U'|'X'|'W'|'Z'|'-' in an arithmetic operand, the result will be 'X'(es).
at 0 ps, Instance /testmips/uut/INST_MEM/ : Warning: NUMERIC_STD.TO_INTEGER: metavalue detected, returning 0
at 0 ps, Instance /testmips/uut/INST_MEM/ : Warning: NUMERIC_STD.TO_INTEGER: metavalue detected, returning 0
at 0 ps, Instance /testmips/uut/INST_MEM/ : Warning: NUMERIC_STD.TO_INTEGER: metavalue detected, returning 0
at 0 ps, Instance /testmips/uut/INST_MEM/ : Warning: NUMERIC_STD.TO_INTEGER: metavalue detected, returning 0
at 0 ps, Instance /testmips/uut/REGISTER_FILE/ : Warning: NUMERIC_STD.TO_INTEGER: metavalue detected, returning 0
at 0 ps, Instance /testmips/uut/REGISTER_FILE/ : Warning: NUMERIC_STD.TO_INTEGER: metavalue detected, returning 0
Finished circuit initialization process.
ERROR: Index 32 out of bound 0 to 31. 
ERROR: In process InstMem.vhd:53 
 
INFO: Simulator is stopped.
ISim P.20131013 (signature 0x7708f090)
This is a Full version of ISim.
# run 1000 ns
Simulator is doing circuit initialization process.
at 0 ps, Instance /testmips/uut/PC_BRANCH_ADDRESS/ : Warning: There is an 'U'|'X'|'W'|'Z'|'-' in an arithmetic operand, the result will be 'X'(es).
at 0 ps, Instance /testmips/uut/INST_MEM/ : Warning: NUMERIC_STD.TO_INTEGER: metavalue detected, returning 0
at 0 ps, Instance /testmips/uut/INST_MEM/ : Warning: NUMERIC_STD.TO_INTEGER: metavalue detected, returning 0
at 0 ps, Instance /testmips/uut/INST_MEM/ : Warning: NUMERIC_STD.TO_INTEGER: metavalue detected, returning 0
at 0 ps, Instance /testmips/uut/INST_MEM/ : Warning: NUMERIC_STD.TO_INTEGER: metavalue detected, returning 0
at 0 ps, Instance /testmips/uut/REGISTER_FILE/ : Warning: NUMERIC_STD.TO_INTEGER: metavalue detected, returning 0
at 0 ps, Instance /testmips/uut/REGISTER_FILE/ : Warning: NUMERIC_STD.TO_INTEGER: metavalue detected, returning 0
Finished circuit initialization process.
ERROR: Index 32 out of bound 0 to 31. 
ERROR: In process InstMem.vhd:53 
 
INFO: Simulator is stopped.
