Release 14.7 - xst P.20131013 (nt64)
Copyright (c) 1995-2013 Xilinx, Inc.  All rights reserved.
--> Parameter TMPDIR set to xst/projnav.tmp


Total REAL time to Xst completion: 1.00 secs
Total CPU time to Xst completion: 0.37 secs
 
--> Parameter xsthdpdir set to xst


Total REAL time to Xst completion: 1.00 secs
Total CPU time to Xst completion: 0.37 secs
 
--> Reading design: PROJECT_MIPS.prj

TABLE OF CONTENTS
  1) Synthesis Options Summary
  2) HDL Compilation
  3) Design Hierarchy Analysis
  4) HDL Analysis
  5) HDL Synthesis
     5.1) HDL Synthesis Report
  6) Advanced HDL Synthesis
     6.1) Advanced HDL Synthesis Report
  7) Low Level Synthesis
  8) Partition Report
  9) Final Report
	9.1) Device utilization summary
	9.2) Partition Resource Summary
	9.3) TIMING REPORT


=========================================================================
*                      Synthesis Options Summary                        *
=========================================================================
---- Source Parameters
Input File Name                    : "PROJECT_MIPS.prj"
Input Format                       : mixed
Ignore Synthesis Constraint File   : NO

---- Target Parameters
Output File Name                   : "PROJECT_MIPS"
Output Format                      : NGC
Target Device                      : xc3s400-4-pq208

---- Source Options
Top Module Name                    : PROJECT_MIPS
Automatic FSM Extraction           : YES
FSM Encoding Algorithm             : Auto
Safe Implementation                : No
FSM Style                          : LUT
RAM Extraction                     : Yes
RAM Style                          : Auto
ROM Extraction                     : Yes
Mux Style                          : Auto
Decoder Extraction                 : YES
Priority Encoder Extraction        : Yes
Shift Register Extraction          : YES
Logical Shifter Extraction         : YES
XOR Collapsing                     : YES
ROM Style                          : Auto
Mux Extraction                     : Yes
Resource Sharing                   : YES
Asynchronous To Synchronous        : NO
Multiplier Style                   : Auto
Automatic Register Balancing       : No

---- Target Options
Add IO Buffers                     : YES
Global Maximum Fanout              : 100000
Add Generic Clock Buffer(BUFG)     : 8
Register Duplication               : YES
Slice Packing                      : YES
Optimize Instantiated Primitives   : NO
Use Clock Enable                   : Yes
Use Synchronous Set                : Yes
Use Synchronous Reset              : Yes
Pack IO Registers into IOBs        : Auto
Equivalent register Removal        : YES

---- General Options
Optimization Goal                  : Speed
Optimization Effort                : 1
Keep Hierarchy                     : No
Netlist Hierarchy                  : As_Optimized
RTL Output                         : Yes
Global Optimization                : AllClockNets
Read Cores                         : YES
Write Timing Constraints           : NO
Cross Clock Analysis               : NO
Hierarchy Separator                : /
Bus Delimiter                      : <>
Case Specifier                     : Maintain
Slice Utilization Ratio            : 100
BRAM Utilization Ratio             : 100
Verilog 2001                       : YES
Auto BRAM Packing                  : NO
Slice Utilization Ratio Delta      : 5

=========================================================================


=========================================================================
*                          HDL Compilation                              *
=========================================================================
Compiling vhdl file "D:/Documents/Year 3/Term 6/Xilinx Programs/Mips/MahmoudMostafa_19102461_2021/MIPS_SOURCES/Adder/Adder32Bit.vhd" in Library work.
Architecture behavioral of Entity adder32bit is up to date.
Compiling vhdl file "D:/Documents/Year 3/Term 6/Xilinx Programs/Mips/MahmoudMostafa_19102461_2021/MIPS_SOURCES/Adder2/Adder4Bit.vhd" in Library work.
Architecture behavioral of Entity adder4bit is up to date.
Compiling vhdl file "D:/Documents/Year 3/Term 6/Xilinx Programs/Mips/MahmoudMostafa_19102461_2021/MIPS_SOURCES/Mux_32BIT/Mux2_1.vhd" in Library work.
Architecture behavioral of Entity mux2_1 is up to date.
Compiling vhdl file "D:/Documents/Year 3/Term 6/Xilinx Programs/Mips/MahmoudMostafa_19102461_2021/MIPS_SOURCES/InstructionMemory/InstMem.vhd" in Library work.
Architecture behavioral of Entity instmem is up to date.
Compiling vhdl file "D:/Documents/Year 3/Term 6/Xilinx Programs/Mips/MahmoudMostafa_19102461_2021/MIPS_SOURCES/Mahmoud_Mostafa_ALU_SignExtend/SignExtend/SignExtend32Bit.vhd" in Library work.
Architecture behavioral of Entity signextend32bit is up to date.
Compiling vhdl file "D:/Documents/Year 3/Term 6/Xilinx Programs/Mips/MahmoudMostafa_19102461_2021/MIPS_SOURCES/Mux_5BIT/MUX_5.vhd" in Library work.
Architecture behavioral of Entity mux_5 is up to date.
Compiling vhdl file "D:/Documents/Year 3/Term 6/Xilinx Programs/Mips/MahmoudMostafa_19102461_2021/MIPS_SOURCES/MahmoudMostafa_Register/Reg/Register.vhd" in Library work.
Architecture behavioral of Entity registerfile is up to date.
Compiling vhdl file "D:/Documents/Year 3/Term 6/Xilinx Programs/Mips/MahmoudMostafa_19102461_2021/MIPS_SOURCES/Alu_control/ALU_Control.vhd" in Library work.
Architecture behavioral of Entity alu_control is up to date.
Compiling vhdl file "D:/Documents/Year 3/Term 6/Xilinx Programs/Mips/MahmoudMostafa_19102461_2021/MIPS_SOURCES/Mahmoud_Mostafa_ALU_SignExtend/alu/ALU4Bit.vhd" in Library work.
Architecture behavioral of Entity alu4bit is up to date.
Compiling vhdl file "D:/Documents/Year 3/Term 6/Xilinx Programs/Mips/MahmoudMostafa_19102461_2021/MIPS_SOURCES/MahmoudMostafa_memUnit/MemoryUnit.vhd" in Library work.
Architecture behavioral of Entity memoryunit is up to date.
Compiling vhdl file "D:/Documents/Year 3/Term 6/Xilinx Programs/Mips/MahmoudMostafa_19102461_2021/MIPS_SOURCES/Mahmoud_Mastafa_ControlUnit/ALU_Control/Control.vhd" in Library work.
Architecture behavioral of Entity control is up to date.
Compiling vhdl file "D:/Documents/Year 3/Term 6/Xilinx Programs/Mips/MahmoudMostafa_19102461_2021/MIPS_SOURCES/ShiftLeft2Bit/ShiftLeft.vhd" in Library work.
Architecture behavioral of Entity shiftleft is up to date.
Compiling vhdl file "D:/Documents/Year 3/Term 6/Xilinx Programs/Mips/MahmoudMostafa_19102461_2021/MIPS_SOURCES/PC/PCCounter.vhd" in Library work.
Architecture behavioral of Entity pccounter is up to date.
Compiling vhdl file "D:/Documents/Year 3/Term 6/Xilinx Programs/Mips/MahmoudMostafa_19102461_2021/mIPS/MIPS_SINGLECYCLE/PROJECT_MIPS.vhd" in Library work.
Entity <project_mips> compiled.
Entity <project_mips> (Architecture <behavioral>) compiled.

=========================================================================
*                     Design Hierarchy Analysis                         *
=========================================================================
Analyzing hierarchy for entity <PROJECT_MIPS> in library <work> (architecture <behavioral>).

Analyzing hierarchy for entity <Adder32Bit> in library <work> (architecture <behavioral>).

Analyzing hierarchy for entity <Adder4Bit> in library <work> (architecture <behavioral>).

Analyzing hierarchy for entity <Mux2_1> in library <work> (architecture <behavioral>).

Analyzing hierarchy for entity <InstMem> in library <work> (architecture <behavioral>).

Analyzing hierarchy for entity <SignExtend32Bit> in library <work> (architecture <behavioral>).

Analyzing hierarchy for entity <MUX_5> in library <work> (architecture <behavioral>).

Analyzing hierarchy for entity <RegisterFile> in library <work> (architecture <behavioral>).

Analyzing hierarchy for entity <ALU_Control> in library <work> (architecture <behavioral>).

Analyzing hierarchy for entity <ALU4Bit> in library <work> (architecture <behavioral>).

Analyzing hierarchy for entity <MemoryUnit> in library <work> (architecture <behavioral>).

Analyzing hierarchy for entity <Control> in library <work> (architecture <behavioral>).

Analyzing hierarchy for entity <ShiftLeft> in library <work> (architecture <behavioral>).

Analyzing hierarchy for entity <PCCounter> in library <work> (architecture <behavioral>).


=========================================================================
*                            HDL Analysis                               *
=========================================================================
Analyzing Entity <PROJECT_MIPS> in library <work> (Architecture <behavioral>).
Entity <PROJECT_MIPS> analyzed. Unit <PROJECT_MIPS> generated.

Analyzing Entity <Adder32Bit> in library <work> (Architecture <behavioral>).
Entity <Adder32Bit> analyzed. Unit <Adder32Bit> generated.

Analyzing Entity <Adder4Bit> in library <work> (Architecture <behavioral>).
Entity <Adder4Bit> analyzed. Unit <Adder4Bit> generated.

Analyzing Entity <Mux2_1> in library <work> (Architecture <behavioral>).
Entity <Mux2_1> analyzed. Unit <Mux2_1> generated.

Analyzing Entity <InstMem> in library <work> (Architecture <behavioral>).
WARNING:Xst:790 - "D:/Documents/Year 3/Term 6/Xilinx Programs/Mips/MahmoudMostafa_19102461_2021/MIPS_SOURCES/InstructionMemory/InstMem.vhd" line 53: Index value(s) does not match array range, simulation mismatch.
INFO:Xst:1607 - Contents of array <IM> may be accessed with an index that does not cover the full array size.
Entity <InstMem> analyzed. Unit <InstMem> generated.

Analyzing Entity <SignExtend32Bit> in library <work> (Architecture <behavioral>).
Entity <SignExtend32Bit> analyzed. Unit <SignExtend32Bit> generated.

Analyzing Entity <MUX_5> in library <work> (Architecture <behavioral>).
Entity <MUX_5> analyzed. Unit <MUX_5> generated.

Analyzing Entity <RegisterFile> in library <work> (Architecture <behavioral>).
WARNING:Xst:819 - "D:/Documents/Year 3/Term 6/Xilinx Programs/Mips/MahmoudMostafa_19102461_2021/MIPS_SOURCES/MahmoudMostafa_Register/Reg/Register.vhd" line 64: One or more signals are missing in the process sensitivity list. To enable synthesis of FPGA/CPLD hardware, XST will assume that all necessary signals are present in the sensitivity list. Please note that the result of the synthesis may differ from the initial design specification. The missing signals are:
   <RegArray>
Entity <RegisterFile> analyzed. Unit <RegisterFile> generated.

Analyzing Entity <ALU_Control> in library <work> (Architecture <behavioral>).
Entity <ALU_Control> analyzed. Unit <ALU_Control> generated.

Analyzing Entity <ALU4Bit> in library <work> (Architecture <behavioral>).
Entity <ALU4Bit> analyzed. Unit <ALU4Bit> generated.

Analyzing Entity <MemoryUnit> in library <work> (Architecture <behavioral>).
WARNING:Xst:790 - "D:/Documents/Year 3/Term 6/Xilinx Programs/Mips/MahmoudMostafa_19102461_2021/MIPS_SOURCES/MahmoudMostafa_memUnit/MemoryUnit.vhd" line 57: Index value(s) does not match array range, simulation mismatch.
INFO:Xst:1607 - Contents of array <RAM> may be accessed with an index that does not cover the full array size.
WARNING:Xst:790 - "D:/Documents/Year 3/Term 6/Xilinx Programs/Mips/MahmoudMostafa_19102461_2021/MIPS_SOURCES/MahmoudMostafa_memUnit/MemoryUnit.vhd" line 58: Index value(s) does not match array range, simulation mismatch.
INFO:Xst:1607 - Contents of array <RAM> may be accessed with an index that does not cover the full array size.
WARNING:Xst:790 - "D:/Documents/Year 3/Term 6/Xilinx Programs/Mips/MahmoudMostafa_19102461_2021/MIPS_SOURCES/MahmoudMostafa_memUnit/MemoryUnit.vhd" line 59: Index value(s) does not match array range, simulation mismatch.
INFO:Xst:1607 - Contents of array <RAM> may be accessed with an index that does not cover the full array size.
WARNING:Xst:790 - "D:/Documents/Year 3/Term 6/Xilinx Programs/Mips/MahmoudMostafa_19102461_2021/MIPS_SOURCES/MahmoudMostafa_memUnit/MemoryUnit.vhd" line 60: Index value(s) does not match array range, simulation mismatch.
INFO:Xst:1607 - Contents of array <RAM> may be accessed with an index that does not cover the full array size.
WARNING:Xst:790 - "D:/Documents/Year 3/Term 6/Xilinx Programs/Mips/MahmoudMostafa_19102461_2021/MIPS_SOURCES/MahmoudMostafa_memUnit/MemoryUnit.vhd" line 62: Index value(s) does not match array range, simulation mismatch.
INFO:Xst:1607 - Contents of array <RAM> may be accessed with an index that does not cover the full array size.
WARNING:Xst:790 - "D:/Documents/Year 3/Term 6/Xilinx Programs/Mips/MahmoudMostafa_19102461_2021/MIPS_SOURCES/MahmoudMostafa_memUnit/MemoryUnit.vhd" line 63: Index value(s) does not match array range, simulation mismatch.
WARNING:Xst:790 - "D:/Documents/Year 3/Term 6/Xilinx Programs/Mips/MahmoudMostafa_19102461_2021/MIPS_SOURCES/MahmoudMostafa_memUnit/MemoryUnit.vhd" line 64: Index value(s) does not match array range, simulation mismatch.
WARNING:Xst:790 - "D:/Documents/Year 3/Term 6/Xilinx Programs/Mips/MahmoudMostafa_19102461_2021/MIPS_SOURCES/MahmoudMostafa_memUnit/MemoryUnit.vhd" line 65: Index value(s) does not match array range, simulation mismatch.
Entity <MemoryUnit> analyzed. Unit <MemoryUnit> generated.

Analyzing Entity <Control> in library <work> (Architecture <behavioral>).
Entity <Control> analyzed. Unit <Control> generated.

Analyzing Entity <ShiftLeft> in library <work> (Architecture <behavioral>).
Entity <ShiftLeft> analyzed. Unit <ShiftLeft> generated.

Analyzing Entity <PCCounter> in library <work> (Architecture <behavioral>).
Entity <PCCounter> analyzed. Unit <PCCounter> generated.


=========================================================================
*                           HDL Synthesis                               *
=========================================================================

Performing bidirectional port resolution...

Synthesizing Unit <Adder32Bit>.
    Related source file is "D:/Documents/Year 3/Term 6/Xilinx Programs/Mips/MahmoudMostafa_19102461_2021/MIPS_SOURCES/Adder/Adder32Bit.vhd".
    Found 32-bit adder for signal <Sum>.
    Summary:
	inferred   1 Adder/Subtractor(s).
Unit <Adder32Bit> synthesized.


Synthesizing Unit <Adder4Bit>.
    Related source file is "D:/Documents/Year 3/Term 6/Xilinx Programs/Mips/MahmoudMostafa_19102461_2021/MIPS_SOURCES/Adder2/Adder4Bit.vhd".
    Found 32-bit adder for signal <OUTPUT1>.
    Summary:
	inferred   1 Adder/Subtractor(s).
Unit <Adder4Bit> synthesized.


Synthesizing Unit <Mux2_1>.
    Related source file is "D:/Documents/Year 3/Term 6/Xilinx Programs/Mips/MahmoudMostafa_19102461_2021/MIPS_SOURCES/Mux_32BIT/Mux2_1.vhd".
Unit <Mux2_1> synthesized.


Synthesizing Unit <InstMem>.
    Related source file is "D:/Documents/Year 3/Term 6/Xilinx Programs/Mips/MahmoudMostafa_19102461_2021/MIPS_SOURCES/InstructionMemory/InstMem.vhd".
WARNING:Xst:647 - Input <CLK> is never used. This port will be preserved and left unconnected if it belongs to a top-level block or it belongs to a sub-block and the hierarchy of this sub-block is preserved.
WARNING:Xst:1781 - Signal <IM> is used but never assigned. Tied to default value.
    Found 32x8-bit ROM for signal <Instruction_31_24$varindex0000> created at line 53.
    Found 31x8-bit ROM for signal <IM$mux0000> created at line 54.
    Found 30x8-bit ROM for signal <IM$mux0001> created at line 55.
    Found 29x8-bit ROM for signal <IM$mux0002> created at line 56.
    Summary:
	inferred   4 ROM(s).
Unit <InstMem> synthesized.


Synthesizing Unit <SignExtend32Bit>.
    Related source file is "D:/Documents/Year 3/Term 6/Xilinx Programs/Mips/MahmoudMostafa_19102461_2021/MIPS_SOURCES/Mahmoud_Mostafa_ALU_SignExtend/SignExtend/SignExtend32Bit.vhd".
    Found 32-bit adder for signal <B$addsub0000> created at line 35.
    Summary:
	inferred   1 Adder/Subtractor(s).
Unit <SignExtend32Bit> synthesized.


Synthesizing Unit <MUX_5>.
    Related source file is "D:/Documents/Year 3/Term 6/Xilinx Programs/Mips/MahmoudMostafa_19102461_2021/MIPS_SOURCES/Mux_5BIT/MUX_5.vhd".
Unit <MUX_5> synthesized.


Synthesizing Unit <RegisterFile>.
    Related source file is "D:/Documents/Year 3/Term 6/Xilinx Programs/Mips/MahmoudMostafa_19102461_2021/MIPS_SOURCES/MahmoudMostafa_Register/Reg/Register.vhd".
    Found 32x32-bit dual-port RAM <Mram_RegArray> for signal <RegArray>.
    Found 32x32-bit dual-port RAM <Mram_RegArray_ren> for signal <RegArray>.
    Summary:
	inferred   2 RAM(s).
Unit <RegisterFile> synthesized.


Synthesizing Unit <ALU_Control>.
    Related source file is "D:/Documents/Year 3/Term 6/Xilinx Programs/Mips/MahmoudMostafa_19102461_2021/MIPS_SOURCES/Alu_control/ALU_Control.vhd".
WARNING:Xst:647 - Input <FuncField<5:4>> is never used. This port will be preserved and left unconnected if it belongs to a top-level block or it belongs to a sub-block and the hierarchy of this sub-block is preserved.
WARNING:Xst:737 - Found 4-bit latch for signal <Operation>. Latches may be generated from incomplete case or if statements. We do not recommend the use of latches in FPGA/CPLD designs, as they may lead to timing problems.
INFO:Xst:2371 - HDL ADVISOR - Logic functions respectively driving the data and gate enable inputs of this latch share common terms. This situation will potentially lead to setup/hold violations and, as a result, to simulation problems. This situation may come from an incomplete case statement (all selector values are not covered). You should carefully review if it was in your intentions to describe such a latch.
Unit <ALU_Control> synthesized.


Synthesizing Unit <ALU4Bit>.
    Related source file is "D:/Documents/Year 3/Term 6/Xilinx Programs/Mips/MahmoudMostafa_19102461_2021/MIPS_SOURCES/Mahmoud_Mostafa_ALU_SignExtend/alu/ALU4Bit.vhd".
WARNING:Xst:737 - Found 32-bit latch for signal <result>. Latches may be generated from incomplete case or if statements. We do not recommend the use of latches in FPGA/CPLD designs, as they may lead to timing problems.
    Found 32-bit addsub for signal <mux0000$addsub0000>.
    Found 32-bit comparator less for signal <mux0000$cmp_lt0000> created at line 43.
    Found 32-bit comparator equal for signal <zero$cmp_eq0000> created at line 53.
    Summary:
	inferred   1 Adder/Subtractor(s).
	inferred   2 Comparator(s).
Unit <ALU4Bit> synthesized.


Synthesizing Unit <MemoryUnit>.
    Related source file is "D:/Documents/Year 3/Term 6/Xilinx Programs/Mips/MahmoudMostafa_19102461_2021/MIPS_SOURCES/MahmoudMostafa_memUnit/MemoryUnit.vhd".
WARNING:Xst:737 - Found 1-bit latch for signal <DataRead_28>. Latches may be generated from incomplete case or if statements. We do not recommend the use of latches in FPGA/CPLD designs, as they may lead to timing problems.
WARNING:Xst:737 - Found 1-bit latch for signal <DataRead_29>. Latches may be generated from incomplete case or if statements. We do not recommend the use of latches in FPGA/CPLD designs, as they may lead to timing problems.
WARNING:Xst:737 - Found 1-bit latch for signal <DataRead_0>. Latches may be generated from incomplete case or if statements. We do not recommend the use of latches in FPGA/CPLD designs, as they may lead to timing problems.
WARNING:Xst:737 - Found 1-bit latch for signal <DataRead_1>. Latches may be generated from incomplete case or if statements. We do not recommend the use of latches in FPGA/CPLD designs, as they may lead to timing problems.
WARNING:Xst:737 - Found 1-bit latch for signal <DataRead_10>. Latches may be generated from incomplete case or if statements. We do not recommend the use of latches in FPGA/CPLD designs, as they may lead to timing problems.
WARNING:Xst:737 - Found 1-bit latch for signal <DataRead_2>. Latches may be generated from incomplete case or if statements. We do not recommend the use of latches in FPGA/CPLD designs, as they may lead to timing problems.
WARNING:Xst:737 - Found 1-bit latch for signal <DataRead_11>. Latches may be generated from incomplete case or if statements. We do not recommend the use of latches in FPGA/CPLD designs, as they may lead to timing problems.
WARNING:Xst:737 - Found 1-bit latch for signal <DataRead_3>. Latches may be generated from incomplete case or if statements. We do not recommend the use of latches in FPGA/CPLD designs, as they may lead to timing problems.
WARNING:Xst:737 - Found 1-bit latch for signal <DataRead_12>. Latches may be generated from incomplete case or if statements. We do not recommend the use of latches in FPGA/CPLD designs, as they may lead to timing problems.
WARNING:Xst:737 - Found 1-bit latch for signal <DataRead_4>. Latches may be generated from incomplete case or if statements. We do not recommend the use of latches in FPGA/CPLD designs, as they may lead to timing problems.
WARNING:Xst:737 - Found 1-bit latch for signal <DataRead_13>. Latches may be generated from incomplete case or if statements. We do not recommend the use of latches in FPGA/CPLD designs, as they may lead to timing problems.
WARNING:Xst:737 - Found 1-bit latch for signal <DataRead_5>. Latches may be generated from incomplete case or if statements. We do not recommend the use of latches in FPGA/CPLD designs, as they may lead to timing problems.
WARNING:Xst:737 - Found 1-bit latch for signal <DataRead_14>. Latches may be generated from incomplete case or if statements. We do not recommend the use of latches in FPGA/CPLD designs, as they may lead to timing problems.
WARNING:Xst:737 - Found 1-bit latch for signal <DataRead_6>. Latches may be generated from incomplete case or if statements. We do not recommend the use of latches in FPGA/CPLD designs, as they may lead to timing problems.
WARNING:Xst:737 - Found 1-bit latch for signal <DataRead_20>. Latches may be generated from incomplete case or if statements. We do not recommend the use of latches in FPGA/CPLD designs, as they may lead to timing problems.
WARNING:Xst:737 - Found 1-bit latch for signal <DataRead_15>. Latches may be generated from incomplete case or if statements. We do not recommend the use of latches in FPGA/CPLD designs, as they may lead to timing problems.
WARNING:Xst:737 - Found 1-bit latch for signal <DataRead_7>. Latches may be generated from incomplete case or if statements. We do not recommend the use of latches in FPGA/CPLD designs, as they may lead to timing problems.
WARNING:Xst:737 - Found 1-bit latch for signal <DataRead_21>. Latches may be generated from incomplete case or if statements. We do not recommend the use of latches in FPGA/CPLD designs, as they may lead to timing problems.
WARNING:Xst:737 - Found 1-bit latch for signal <DataRead_16>. Latches may be generated from incomplete case or if statements. We do not recommend the use of latches in FPGA/CPLD designs, as they may lead to timing problems.
WARNING:Xst:737 - Found 1-bit latch for signal <DataRead_8>. Latches may be generated from incomplete case or if statements. We do not recommend the use of latches in FPGA/CPLD designs, as they may lead to timing problems.
WARNING:Xst:737 - Found 1-bit latch for signal <DataRead_22>. Latches may be generated from incomplete case or if statements. We do not recommend the use of latches in FPGA/CPLD designs, as they may lead to timing problems.
WARNING:Xst:737 - Found 1-bit latch for signal <DataRead_17>. Latches may be generated from incomplete case or if statements. We do not recommend the use of latches in FPGA/CPLD designs, as they may lead to timing problems.
WARNING:Xst:737 - Found 1-bit latch for signal <DataRead_9>. Latches may be generated from incomplete case or if statements. We do not recommend the use of latches in FPGA/CPLD designs, as they may lead to timing problems.
WARNING:Xst:737 - Found 1-bit latch for signal <DataRead_23>. Latches may be generated from incomplete case or if statements. We do not recommend the use of latches in FPGA/CPLD designs, as they may lead to timing problems.
WARNING:Xst:737 - Found 1-bit latch for signal <DataRead_18>. Latches may be generated from incomplete case or if statements. We do not recommend the use of latches in FPGA/CPLD designs, as they may lead to timing problems.
WARNING:Xst:737 - Found 1-bit latch for signal <DataRead_24>. Latches may be generated from incomplete case or if statements. We do not recommend the use of latches in FPGA/CPLD designs, as they may lead to timing problems.
WARNING:Xst:737 - Found 1-bit latch for signal <DataRead_19>. Latches may be generated from incomplete case or if statements. We do not recommend the use of latches in FPGA/CPLD designs, as they may lead to timing problems.
WARNING:Xst:737 - Found 1-bit latch for signal <DataRead_30>. Latches may be generated from incomplete case or if statements. We do not recommend the use of latches in FPGA/CPLD designs, as they may lead to timing problems.
WARNING:Xst:737 - Found 1-bit latch for signal <DataRead_25>. Latches may be generated from incomplete case or if statements. We do not recommend the use of latches in FPGA/CPLD designs, as they may lead to timing problems.
WARNING:Xst:737 - Found 1-bit latch for signal <DataRead_31>. Latches may be generated from incomplete case or if statements. We do not recommend the use of latches in FPGA/CPLD designs, as they may lead to timing problems.
WARNING:Xst:737 - Found 1-bit latch for signal <DataRead_26>. Latches may be generated from incomplete case or if statements. We do not recommend the use of latches in FPGA/CPLD designs, as they may lead to timing problems.
WARNING:Xst:737 - Found 1-bit latch for signal <DataRead_27>. Latches may be generated from incomplete case or if statements. We do not recommend the use of latches in FPGA/CPLD designs, as they may lead to timing problems.
    Found 8-bit 36-to-1 multiplexer for signal <DataRead_15_8$varindex0000> created at line 59.
    Found 8-bit 36-to-1 multiplexer for signal <DataRead_23_16$varindex0000> created at line 58.
    Found 8-bit 36-to-1 multiplexer for signal <DataRead_31_24$varindex0000> created at line 57.
    Found 8-bit 36-to-1 multiplexer for signal <DataRead_7_0$varindex0000> created at line 60.
    Found 288-bit register for signal <RAM>.
    Found 32-bit adder for signal <RAM$add0000> created at line 58.
    Found 32-bit adder for signal <RAM$add0001> created at line 59.
    Found 32-bit adder for signal <RAM$add0002> created at line 60.
INFO:Xst:738 - HDL ADVISOR - 288 flip-flops were inferred for signal <RAM>. You may be trying to describe a RAM in a way that is incompatible with block and distributed RAM resources available on Xilinx devices, or with a specific template that is not supported. Please review the Xilinx resources documentation and the XST user manual for coding guidelines. Taking advantage of RAM resources will lead to improved device usage and reduced synthesis time.
    Summary:
	inferred 288 D-type flip-flop(s).
	inferred   3 Adder/Subtractor(s).
	inferred  32 Multiplexer(s).
Unit <MemoryUnit> synthesized.


Synthesizing Unit <Control>.
    Related source file is "D:/Documents/Year 3/Term 6/Xilinx Programs/Mips/MahmoudMostafa_19102461_2021/MIPS_SOURCES/Mahmoud_Mastafa_ControlUnit/ALU_Control/Control.vhd".
    Register <Branch> equivalent to <ALUOP1> has been removed
WARNING:Xst:737 - Found 1-bit latch for signal <MemtoReg>. Latches may be generated from incomplete case or if statements. We do not recommend the use of latches in FPGA/CPLD designs, as they may lead to timing problems.
INFO:Xst:2371 - HDL ADVISOR - Logic functions respectively driving the data and gate enable inputs of this latch share common terms. This situation will potentially lead to setup/hold violations and, as a result, to simulation problems. This situation may come from an incomplete case statement (all selector values are not covered). You should carefully review if it was in your intentions to describe such a latch.
WARNING:Xst:737 - Found 1-bit latch for signal <ALUOP0>. Latches may be generated from incomplete case or if statements. We do not recommend the use of latches in FPGA/CPLD designs, as they may lead to timing problems.
INFO:Xst:2371 - HDL ADVISOR - Logic functions respectively driving the data and gate enable inputs of this latch share common terms. This situation will potentially lead to setup/hold violations and, as a result, to simulation problems. This situation may come from an incomplete case statement (all selector values are not covered). You should carefully review if it was in your intentions to describe such a latch.
WARNING:Xst:737 - Found 1-bit latch for signal <ALUOP1>. Latches may be generated from incomplete case or if statements. We do not recommend the use of latches in FPGA/CPLD designs, as they may lead to timing problems.
INFO:Xst:2371 - HDL ADVISOR - Logic functions respectively driving the data and gate enable inputs of this latch share common terms. This situation will potentially lead to setup/hold violations and, as a result, to simulation problems. This situation may come from an incomplete case statement (all selector values are not covered). You should carefully review if it was in your intentions to describe such a latch.
WARNING:Xst:737 - Found 1-bit latch for signal <RegWrite>. Latches may be generated from incomplete case or if statements. We do not recommend the use of latches in FPGA/CPLD designs, as they may lead to timing problems.
INFO:Xst:2371 - HDL ADVISOR - Logic functions respectively driving the data and gate enable inputs of this latch share common terms. This situation will potentially lead to setup/hold violations and, as a result, to simulation problems. This situation may come from an incomplete case statement (all selector values are not covered). You should carefully review if it was in your intentions to describe such a latch.
WARNING:Xst:737 - Found 1-bit latch for signal <MemRead>. Latches may be generated from incomplete case or if statements. We do not recommend the use of latches in FPGA/CPLD designs, as they may lead to timing problems.
INFO:Xst:2371 - HDL ADVISOR - Logic functions respectively driving the data and gate enable inputs of this latch share common terms. This situation will potentially lead to setup/hold violations and, as a result, to simulation problems. This situation may come from an incomplete case statement (all selector values are not covered). You should carefully review if it was in your intentions to describe such a latch.
WARNING:Xst:737 - Found 1-bit latch for signal <MemWrite>. Latches may be generated from incomplete case or if statements. We do not recommend the use of latches in FPGA/CPLD designs, as they may lead to timing problems.
INFO:Xst:2371 - HDL ADVISOR - Logic functions respectively driving the data and gate enable inputs of this latch share common terms. This situation will potentially lead to setup/hold violations and, as a result, to simulation problems. This situation may come from an incomplete case statement (all selector values are not covered). You should carefully review if it was in your intentions to describe such a latch.
WARNING:Xst:737 - Found 1-bit latch for signal <ALUSrc>. Latches may be generated from incomplete case or if statements. We do not recommend the use of latches in FPGA/CPLD designs, as they may lead to timing problems.
INFO:Xst:2371 - HDL ADVISOR - Logic functions respectively driving the data and gate enable inputs of this latch share common terms. This situation will potentially lead to setup/hold violations and, as a result, to simulation problems. This situation may come from an incomplete case statement (all selector values are not covered). You should carefully review if it was in your intentions to describe such a latch.
WARNING:Xst:737 - Found 1-bit latch for signal <RegDst>. Latches may be generated from incomplete case or if statements. We do not recommend the use of latches in FPGA/CPLD designs, as they may lead to timing problems.
INFO:Xst:2371 - HDL ADVISOR - Logic functions respectively driving the data and gate enable inputs of this latch share common terms. This situation will potentially lead to setup/hold violations and, as a result, to simulation problems. This situation may come from an incomplete case statement (all selector values are not covered). You should carefully review if it was in your intentions to describe such a latch.
Unit <Control> synthesized.


Synthesizing Unit <ShiftLeft>.
    Related source file is "D:/Documents/Year 3/Term 6/Xilinx Programs/Mips/MahmoudMostafa_19102461_2021/MIPS_SOURCES/ShiftLeft2Bit/ShiftLeft.vhd".
WARNING:Xst:647 - Input <Inshift<31:30>> is never used. This port will be preserved and left unconnected if it belongs to a top-level block or it belongs to a sub-block and the hierarchy of this sub-block is preserved.
Unit <ShiftLeft> synthesized.


Synthesizing Unit <PCCounter>.
    Related source file is "D:/Documents/Year 3/Term 6/Xilinx Programs/Mips/MahmoudMostafa_19102461_2021/MIPS_SOURCES/PC/PCCounter.vhd".
    Found 32-bit register for signal <temp>.
    Summary:
	inferred  32 D-type flip-flop(s).
Unit <PCCounter> synthesized.


Synthesizing Unit <PROJECT_MIPS>.
    Related source file is "D:/Documents/Year 3/Term 6/Xilinx Programs/Mips/MahmoudMostafa_19102461_2021/mIPS/MIPS_SINGLECYCLE/PROJECT_MIPS.vhd".
Unit <PROJECT_MIPS> synthesized.

INFO:Xst:1767 - HDL ADVISOR - Resource sharing has identified that some arithmetic operations in this design can share the same physical resources for reduced device utilization. For improved clock frequency you may try to disable resource sharing.

=========================================================================
HDL Synthesis Report

Macro Statistics
# RAMs                                                 : 2
 32x32-bit dual-port RAM                               : 2
# ROMs                                                 : 4
 29x8-bit ROM                                          : 1
 30x8-bit ROM                                          : 1
 31x8-bit ROM                                          : 1
 32x8-bit ROM                                          : 1
# Adders/Subtractors                                   : 7
 32-bit adder                                          : 6
 32-bit addsub                                         : 1
# Registers                                            : 37
 32-bit register                                       : 1
 8-bit register                                        : 36
# Latches                                              : 42
 1-bit latch                                           : 40
 32-bit latch                                          : 1
 4-bit latch                                           : 1
# Comparators                                          : 2
 32-bit comparator equal                               : 1
 32-bit comparator less                                : 1
# Multiplexers                                         : 4
 8-bit 36-to-1 multiplexer                             : 4

=========================================================================

=========================================================================
*                       Advanced HDL Synthesis                          *
=========================================================================

WARNING:Xst:1290 - Hierarchical block <PC_BRANCH_ADDRESS> is unconnected in block <PROJECT_MIPS>.
   It will be removed from the design.
WARNING:Xst:1290 - Hierarchical block <PC_NEXT_INSTRUCTION> is unconnected in block <PROJECT_MIPS>.
   It will be removed from the design.
WARNING:Xst:1290 - Hierarchical block <BRANCH_MUX> is unconnected in block <PROJECT_MIPS>.
   It will be removed from the design.
WARNING:Xst:1290 - Hierarchical block <INST_MEM> is unconnected in block <PROJECT_MIPS>.
   It will be removed from the design.
WARNING:Xst:1290 - Hierarchical block <SIGN_EXTEND> is unconnected in block <PROJECT_MIPS>.
   It will be removed from the design.
WARNING:Xst:1290 - Hierarchical block <MUX_rEGISTER> is unconnected in block <PROJECT_MIPS>.
   It will be removed from the design.
WARNING:Xst:1290 - Hierarchical block <REGISTER_FILE> is unconnected in block <PROJECT_MIPS>.
   It will be removed from the design.
WARNING:Xst:1290 - Hierarchical block <ALUCONTROL> is unconnected in block <PROJECT_MIPS>.
   It will be removed from the design.
WARNING:Xst:1290 - Hierarchical block <ALU_MUX1> is unconnected in block <PROJECT_MIPS>.
   It will be removed from the design.
WARNING:Xst:1290 - Hierarchical block <ALU> is unconnected in block <PROJECT_MIPS>.
   It will be removed from the design.
WARNING:Xst:1290 - Hierarchical block <MEM> is unconnected in block <PROJECT_MIPS>.
   It will be removed from the design.
WARNING:Xst:1290 - Hierarchical block <MEM_MUX> is unconnected in block <PROJECT_MIPS>.
   It will be removed from the design.
WARNING:Xst:1290 - Hierarchical block <CONTROL_UNIT> is unconnected in block <PROJECT_MIPS>.
   It will be removed from the design.
WARNING:Xst:1290 - Hierarchical block <SHIFT_LEFT> is unconnected in block <PROJECT_MIPS>.
   It will be removed from the design.
WARNING:Xst:1290 - Hierarchical block <PC_COUNT> is unconnected in block <PROJECT_MIPS>.
   It will be removed from the design.

Synthesizing (advanced) Unit <RegisterFile>.
INFO:Xst:3218 - HDL ADVISOR - The RAM <Mram_RegArray> will be implemented on LUTs either because you have described an asynchronous read or because of currently unsupported block RAM features. If you have described an asynchronous read, making it synchronous would allow you to take advantage of available block RAM resources, for optimized device usage and improved timings. Please refer to your documentation for coding guidelines.
    -----------------------------------------------------------------------
    | ram_type           | Distributed                         |          |
    -----------------------------------------------------------------------
    | Port A                                                              |
    |     aspect ratio   | 32-word x 32-bit                    |          |
    |     clkA           | connected to signal <CLK>           | rise     |
    |     weA            | connected to signal <RegWrite>      | high     |
    |     addrA          | connected to signal <WriteReg>      |          |
    |     diA            | connected to signal <WriteData>     |          |
    -----------------------------------------------------------------------
    | Port B                                                              |
    |     aspect ratio   | 32-word x 32-bit                    |          |
    |     addrB          | connected to signal <ReadReg1>      |          |
    |     doB            | connected to signal <ReadData1>     |          |
    -----------------------------------------------------------------------
INFO:Xst:3218 - HDL ADVISOR - The RAM <Mram_RegArray_ren> will be implemented on LUTs either because you have described an asynchronous read or because of currently unsupported block RAM features. If you have described an asynchronous read, making it synchronous would allow you to take advantage of available block RAM resources, for optimized device usage and improved timings. Please refer to your documentation for coding guidelines.
    -----------------------------------------------------------------------
    | ram_type           | Distributed                         |          |
    -----------------------------------------------------------------------
    | Port A                                                              |
    |     aspect ratio   | 32-word x 32-bit                    |          |
    |     clkA           | connected to signal <CLK>           | rise     |
    |     weA            | connected to signal <RegWrite>      | high     |
    |     addrA          | connected to signal <WriteReg>      |          |
    |     diA            | connected to signal <WriteData>     |          |
    -----------------------------------------------------------------------
    | Port B                                                              |
    |     aspect ratio   | 32-word x 32-bit                    |          |
    |     addrB          | connected to signal <ReadReg2>      |          |
    |     doB            | connected to signal <ReadData2>     |          |
    -----------------------------------------------------------------------
Unit <RegisterFile> synthesized (advanced).

=========================================================================
Advanced HDL Synthesis Report

Macro Statistics
# RAMs                                                 : 2
 32x32-bit dual-port distributed RAM                   : 2
# ROMs                                                 : 4
 29x8-bit ROM                                          : 1
 30x8-bit ROM                                          : 1
 31x8-bit ROM                                          : 1
 32x8-bit ROM                                          : 1
# Adders/Subtractors                                   : 7
 32-bit adder                                          : 6
 32-bit addsub                                         : 1
# Registers                                            : 320
 Flip-Flops                                            : 320
# Latches                                              : 42
 1-bit latch                                           : 40
 32-bit latch                                          : 1
 4-bit latch                                           : 1
# Comparators                                          : 2
 32-bit comparator equal                               : 1
 32-bit comparator less                                : 1
# Multiplexers                                         : 4
 8-bit 36-to-1 multiplexer                             : 4

=========================================================================

=========================================================================
*                         Low Level Synthesis                           *
=========================================================================
WARNING:Xst:1710 - FF/Latch <Operation_3> (without init value) has a constant value of 0 in block <ALU_Control>. This FF/Latch will be trimmed during the optimization process.

Optimizing unit <PROJECT_MIPS> ...

Optimizing unit <MemoryUnit> ...

Optimizing unit <Control> ...

Optimizing unit <PCCounter> ...

Optimizing unit <ALU_Control> ...

Optimizing unit <ALU4Bit> ...
WARNING:Xst:2677 - Node <REGISTER_FILE/Mram_RegArray1> of sequential type is unconnected in block <PROJECT_MIPS>.
WARNING:Xst:2677 - Node <REGISTER_FILE/Mram_RegArray4> of sequential type is unconnected in block <PROJECT_MIPS>.
WARNING:Xst:2677 - Node <REGISTER_FILE/Mram_RegArray2> of sequential type is unconnected in block <PROJECT_MIPS>.
WARNING:Xst:2677 - Node <REGISTER_FILE/Mram_RegArray3> of sequential type is unconnected in block <PROJECT_MIPS>.
WARNING:Xst:2677 - Node <REGISTER_FILE/Mram_RegArray5> of sequential type is unconnected in block <PROJECT_MIPS>.
WARNING:Xst:2677 - Node <REGISTER_FILE/Mram_RegArray6> of sequential type is unconnected in block <PROJECT_MIPS>.
WARNING:Xst:2677 - Node <REGISTER_FILE/Mram_RegArray7> of sequential type is unconnected in block <PROJECT_MIPS>.
WARNING:Xst:2677 - Node <REGISTER_FILE/Mram_RegArray8> of sequential type is unconnected in block <PROJECT_MIPS>.
WARNING:Xst:2677 - Node <REGISTER_FILE/Mram_RegArray11> of sequential type is unconnected in block <PROJECT_MIPS>.
WARNING:Xst:2677 - Node <REGISTER_FILE/Mram_RegArray9> of sequential type is unconnected in block <PROJECT_MIPS>.
WARNING:Xst:2677 - Node <REGISTER_FILE/Mram_RegArray10> of sequential type is unconnected in block <PROJECT_MIPS>.
WARNING:Xst:2677 - Node <REGISTER_FILE/Mram_RegArray14> of sequential type is unconnected in block <PROJECT_MIPS>.
WARNING:Xst:2677 - Node <REGISTER_FILE/Mram_RegArray12> of sequential type is unconnected in block <PROJECT_MIPS>.
WARNING:Xst:2677 - Node <REGISTER_FILE/Mram_RegArray13> of sequential type is unconnected in block <PROJECT_MIPS>.
WARNING:Xst:2677 - Node <REGISTER_FILE/Mram_RegArray17> of sequential type is unconnected in block <PROJECT_MIPS>.
WARNING:Xst:2677 - Node <REGISTER_FILE/Mram_RegArray15> of sequential type is unconnected in block <PROJECT_MIPS>.
WARNING:Xst:2677 - Node <REGISTER_FILE/Mram_RegArray16> of sequential type is unconnected in block <PROJECT_MIPS>.
WARNING:Xst:2677 - Node <REGISTER_FILE/Mram_RegArray18> of sequential type is unconnected in block <PROJECT_MIPS>.
WARNING:Xst:2677 - Node <REGISTER_FILE/Mram_RegArray19> of sequential type is unconnected in block <PROJECT_MIPS>.
WARNING:Xst:2677 - Node <REGISTER_FILE/Mram_RegArray20> of sequential type is unconnected in block <PROJECT_MIPS>.
WARNING:Xst:2677 - Node <REGISTER_FILE/Mram_RegArray21> of sequential type is unconnected in block <PROJECT_MIPS>.
WARNING:Xst:2677 - Node <REGISTER_FILE/Mram_RegArray24> of sequential type is unconnected in block <PROJECT_MIPS>.
WARNING:Xst:2677 - Node <REGISTER_FILE/Mram_RegArray22> of sequential type is unconnected in block <PROJECT_MIPS>.
WARNING:Xst:2677 - Node <REGISTER_FILE/Mram_RegArray23> of sequential type is unconnected in block <PROJECT_MIPS>.
WARNING:Xst:2677 - Node <REGISTER_FILE/Mram_RegArray27> of sequential type is unconnected in block <PROJECT_MIPS>.
WARNING:Xst:2677 - Node <REGISTER_FILE/Mram_RegArray25> of sequential type is unconnected in block <PROJECT_MIPS>.
WARNING:Xst:2677 - Node <REGISTER_FILE/Mram_RegArray26> of sequential type is unconnected in block <PROJECT_MIPS>.
WARNING:Xst:2677 - Node <REGISTER_FILE/Mram_RegArray30> of sequential type is unconnected in block <PROJECT_MIPS>.
WARNING:Xst:2677 - Node <REGISTER_FILE/Mram_RegArray28> of sequential type is unconnected in block <PROJECT_MIPS>.
WARNING:Xst:2677 - Node <REGISTER_FILE/Mram_RegArray29> of sequential type is unconnected in block <PROJECT_MIPS>.
WARNING:Xst:2677 - Node <REGISTER_FILE/Mram_RegArray33> of sequential type is unconnected in block <PROJECT_MIPS>.
WARNING:Xst:2677 - Node <REGISTER_FILE/Mram_RegArray31> of sequential type is unconnected in block <PROJECT_MIPS>.
WARNING:Xst:2677 - Node <REGISTER_FILE/Mram_RegArray32> of sequential type is unconnected in block <PROJECT_MIPS>.
WARNING:Xst:2677 - Node <REGISTER_FILE/Mram_RegArray36> of sequential type is unconnected in block <PROJECT_MIPS>.
WARNING:Xst:2677 - Node <REGISTER_FILE/Mram_RegArray34> of sequential type is unconnected in block <PROJECT_MIPS>.
WARNING:Xst:2677 - Node <REGISTER_FILE/Mram_RegArray35> of sequential type is unconnected in block <PROJECT_MIPS>.
WARNING:Xst:2677 - Node <REGISTER_FILE/Mram_RegArray39> of sequential type is unconnected in block <PROJECT_MIPS>.
WARNING:Xst:2677 - Node <REGISTER_FILE/Mram_RegArray37> of sequential type is unconnected in block <PROJECT_MIPS>.
WARNING:Xst:2677 - Node <REGISTER_FILE/Mram_RegArray38> of sequential type is unconnected in block <PROJECT_MIPS>.
WARNING:Xst:2677 - Node <REGISTER_FILE/Mram_RegArray42> of sequential type is unconnected in block <PROJECT_MIPS>.
WARNING:Xst:2677 - Node <REGISTER_FILE/Mram_RegArray40> of sequential type is unconnected in block <PROJECT_MIPS>.
WARNING:Xst:2677 - Node <REGISTER_FILE/Mram_RegArray41> of sequential type is unconnected in block <PROJECT_MIPS>.
WARNING:Xst:2677 - Node <REGISTER_FILE/Mram_RegArray43> of sequential type is unconnected in block <PROJECT_MIPS>.
WARNING:Xst:2677 - Node <REGISTER_FILE/Mram_RegArray44> of sequential type is unconnected in block <PROJECT_MIPS>.
WARNING:Xst:2677 - Node <REGISTER_FILE/Mram_RegArray45> of sequential type is unconnected in block <PROJECT_MIPS>.
WARNING:Xst:2677 - Node <REGISTER_FILE/Mram_RegArray46> of sequential type is unconnected in block <PROJECT_MIPS>.
WARNING:Xst:2677 - Node <REGISTER_FILE/Mram_RegArray49> of sequential type is unconnected in block <PROJECT_MIPS>.
WARNING:Xst:2677 - Node <REGISTER_FILE/Mram_RegArray47> of sequential type is unconnected in block <PROJECT_MIPS>.
WARNING:Xst:2677 - Node <REGISTER_FILE/Mram_RegArray48> of sequential type is unconnected in block <PROJECT_MIPS>.
WARNING:Xst:2677 - Node <REGISTER_FILE/Mram_RegArray52> of sequential type is unconnected in block <PROJECT_MIPS>.
WARNING:Xst:2677 - Node <REGISTER_FILE/Mram_RegArray50> of sequential type is unconnected in block <PROJECT_MIPS>.
WARNING:Xst:2677 - Node <REGISTER_FILE/Mram_RegArray51> of sequential type is unconnected in block <PROJECT_MIPS>.
WARNING:Xst:2677 - Node <REGISTER_FILE/Mram_RegArray55> of sequential type is unconnected in block <PROJECT_MIPS>.
WARNING:Xst:2677 - Node <REGISTER_FILE/Mram_RegArray53> of sequential type is unconnected in block <PROJECT_MIPS>.
WARNING:Xst:2677 - Node <REGISTER_FILE/Mram_RegArray54> of sequential type is unconnected in block <PROJECT_MIPS>.
WARNING:Xst:2677 - Node <REGISTER_FILE/Mram_RegArray58> of sequential type is unconnected in block <PROJECT_MIPS>.
WARNING:Xst:2677 - Node <REGISTER_FILE/Mram_RegArray56> of sequential type is unconnected in block <PROJECT_MIPS>.
WARNING:Xst:2677 - Node <REGISTER_FILE/Mram_RegArray57> of sequential type is unconnected in block <PROJECT_MIPS>.
WARNING:Xst:2677 - Node <REGISTER_FILE/Mram_RegArray61> of sequential type is unconnected in block <PROJECT_MIPS>.
WARNING:Xst:2677 - Node <REGISTER_FILE/Mram_RegArray59> of sequential type is unconnected in block <PROJECT_MIPS>.
WARNING:Xst:2677 - Node <REGISTER_FILE/Mram_RegArray60> of sequential type is unconnected in block <PROJECT_MIPS>.
WARNING:Xst:2677 - Node <REGISTER_FILE/Mram_RegArray64> of sequential type is unconnected in block <PROJECT_MIPS>.
WARNING:Xst:2677 - Node <REGISTER_FILE/Mram_RegArray62> of sequential type is unconnected in block <PROJECT_MIPS>.
WARNING:Xst:2677 - Node <REGISTER_FILE/Mram_RegArray63> of sequential type is unconnected in block <PROJECT_MIPS>.
WARNING:Xst:2677 - Node <REGISTER_FILE/Mram_RegArray_ren2> of sequential type is unconnected in block <PROJECT_MIPS>.
WARNING:Xst:2677 - Node <REGISTER_FILE/Mram_RegArray_ren1> of sequential type is unconnected in block <PROJECT_MIPS>.
WARNING:Xst:2677 - Node <REGISTER_FILE/Mram_RegArray_ren5> of sequential type is unconnected in block <PROJECT_MIPS>.
WARNING:Xst:2677 - Node <REGISTER_FILE/Mram_RegArray_ren3> of sequential type is unconnected in block <PROJECT_MIPS>.
WARNING:Xst:2677 - Node <REGISTER_FILE/Mram_RegArray_ren4> of sequential type is unconnected in block <PROJECT_MIPS>.
WARNING:Xst:2677 - Node <REGISTER_FILE/Mram_RegArray_ren8> of sequential type is unconnected in block <PROJECT_MIPS>.
WARNING:Xst:2677 - Node <REGISTER_FILE/Mram_RegArray_ren6> of sequential type is unconnected in block <PROJECT_MIPS>.
WARNING:Xst:2677 - Node <REGISTER_FILE/Mram_RegArray_ren7> of sequential type is unconnected in block <PROJECT_MIPS>.
WARNING:Xst:2677 - Node <REGISTER_FILE/Mram_RegArray_ren9> of sequential type is unconnected in block <PROJECT_MIPS>.
WARNING:Xst:2677 - Node <REGISTER_FILE/Mram_RegArray_ren10> of sequential type is unconnected in block <PROJECT_MIPS>.
WARNING:Xst:2677 - Node <REGISTER_FILE/Mram_RegArray_ren11> of sequential type is unconnected in block <PROJECT_MIPS>.
WARNING:Xst:2677 - Node <REGISTER_FILE/Mram_RegArray_ren12> of sequential type is unconnected in block <PROJECT_MIPS>.
WARNING:Xst:2677 - Node <REGISTER_FILE/Mram_RegArray_ren15> of sequential type is unconnected in block <PROJECT_MIPS>.
WARNING:Xst:2677 - Node <REGISTER_FILE/Mram_RegArray_ren13> of sequential type is unconnected in block <PROJECT_MIPS>.
WARNING:Xst:2677 - Node <REGISTER_FILE/Mram_RegArray_ren14> of sequential type is unconnected in block <PROJECT_MIPS>.
WARNING:Xst:2677 - Node <REGISTER_FILE/Mram_RegArray_ren18> of sequential type is unconnected in block <PROJECT_MIPS>.
WARNING:Xst:2677 - Node <REGISTER_FILE/Mram_RegArray_ren16> of sequential type is unconnected in block <PROJECT_MIPS>.
WARNING:Xst:2677 - Node <REGISTER_FILE/Mram_RegArray_ren17> of sequential type is unconnected in block <PROJECT_MIPS>.
WARNING:Xst:2677 - Node <REGISTER_FILE/Mram_RegArray_ren21> of sequential type is unconnected in block <PROJECT_MIPS>.
WARNING:Xst:2677 - Node <REGISTER_FILE/Mram_RegArray_ren19> of sequential type is unconnected in block <PROJECT_MIPS>.
WARNING:Xst:2677 - Node <REGISTER_FILE/Mram_RegArray_ren20> of sequential type is unconnected in block <PROJECT_MIPS>.
WARNING:Xst:2677 - Node <REGISTER_FILE/Mram_RegArray_ren22> of sequential type is unconnected in block <PROJECT_MIPS>.
WARNING:Xst:2677 - Node <REGISTER_FILE/Mram_RegArray_ren23> of sequential type is unconnected in block <PROJECT_MIPS>.
WARNING:Xst:2677 - Node <REGISTER_FILE/Mram_RegArray_ren24> of sequential type is unconnected in block <PROJECT_MIPS>.
WARNING:Xst:2677 - Node <REGISTER_FILE/Mram_RegArray_ren25> of sequential type is unconnected in block <PROJECT_MIPS>.
WARNING:Xst:2677 - Node <REGISTER_FILE/Mram_RegArray_ren28> of sequential type is unconnected in block <PROJECT_MIPS>.
WARNING:Xst:2677 - Node <REGISTER_FILE/Mram_RegArray_ren26> of sequential type is unconnected in block <PROJECT_MIPS>.
WARNING:Xst:2677 - Node <REGISTER_FILE/Mram_RegArray_ren27> of sequential type is unconnected in block <PROJECT_MIPS>.
WARNING:Xst:2677 - Node <REGISTER_FILE/Mram_RegArray_ren31> of sequential type is unconnected in block <PROJECT_MIPS>.
WARNING:Xst:2677 - Node <REGISTER_FILE/Mram_RegArray_ren29> of sequential type is unconnected in block <PROJECT_MIPS>.
WARNING:Xst:2677 - Node <REGISTER_FILE/Mram_RegArray_ren30> of sequential type is unconnected in block <PROJECT_MIPS>.
WARNING:Xst:2677 - Node <REGISTER_FILE/Mram_RegArray_ren34> of sequential type is unconnected in block <PROJECT_MIPS>.
WARNING:Xst:2677 - Node <REGISTER_FILE/Mram_RegArray_ren32> of sequential type is unconnected in block <PROJECT_MIPS>.
WARNING:Xst:2677 - Node <REGISTER_FILE/Mram_RegArray_ren33> of sequential type is unconnected in block <PROJECT_MIPS>.
WARNING:Xst:2677 - Node <REGISTER_FILE/Mram_RegArray_ren37> of sequential type is unconnected in block <PROJECT_MIPS>.
WARNING:Xst:2677 - Node <REGISTER_FILE/Mram_RegArray_ren35> of sequential type is unconnected in block <PROJECT_MIPS>.
WARNING:Xst:2677 - Node <REGISTER_FILE/Mram_RegArray_ren36> of sequential type is unconnected in block <PROJECT_MIPS>.
WARNING:Xst:2677 - Node <REGISTER_FILE/Mram_RegArray_ren40> of sequential type is unconnected in block <PROJECT_MIPS>.
WARNING:Xst:2677 - Node <REGISTER_FILE/Mram_RegArray_ren38> of sequential type is unconnected in block <PROJECT_MIPS>.
WARNING:Xst:2677 - Node <REGISTER_FILE/Mram_RegArray_ren39> of sequential type is unconnected in block <PROJECT_MIPS>.
WARNING:Xst:2677 - Node <REGISTER_FILE/Mram_RegArray_ren43> of sequential type is unconnected in block <PROJECT_MIPS>.
WARNING:Xst:2677 - Node <REGISTER_FILE/Mram_RegArray_ren41> of sequential type is unconnected in block <PROJECT_MIPS>.
WARNING:Xst:2677 - Node <REGISTER_FILE/Mram_RegArray_ren42> of sequential type is unconnected in block <PROJECT_MIPS>.
WARNING:Xst:2677 - Node <REGISTER_FILE/Mram_RegArray_ren46> of sequential type is unconnected in block <PROJECT_MIPS>.
WARNING:Xst:2677 - Node <REGISTER_FILE/Mram_RegArray_ren44> of sequential type is unconnected in block <PROJECT_MIPS>.
WARNING:Xst:2677 - Node <REGISTER_FILE/Mram_RegArray_ren45> of sequential type is unconnected in block <PROJECT_MIPS>.
WARNING:Xst:2677 - Node <REGISTER_FILE/Mram_RegArray_ren47> of sequential type is unconnected in block <PROJECT_MIPS>.
WARNING:Xst:2677 - Node <REGISTER_FILE/Mram_RegArray_ren48> of sequential type is unconnected in block <PROJECT_MIPS>.
WARNING:Xst:2677 - Node <REGISTER_FILE/Mram_RegArray_ren49> of sequential type is unconnected in block <PROJECT_MIPS>.
WARNING:Xst:2677 - Node <REGISTER_FILE/Mram_RegArray_ren50> of sequential type is unconnected in block <PROJECT_MIPS>.
WARNING:Xst:2677 - Node <REGISTER_FILE/Mram_RegArray_ren53> of sequential type is unconnected in block <PROJECT_MIPS>.
WARNING:Xst:2677 - Node <REGISTER_FILE/Mram_RegArray_ren51> of sequential type is unconnected in block <PROJECT_MIPS>.
WARNING:Xst:2677 - Node <REGISTER_FILE/Mram_RegArray_ren52> of sequential type is unconnected in block <PROJECT_MIPS>.
WARNING:Xst:2677 - Node <REGISTER_FILE/Mram_RegArray_ren56> of sequential type is unconnected in block <PROJECT_MIPS>.
WARNING:Xst:2677 - Node <REGISTER_FILE/Mram_RegArray_ren54> of sequential type is unconnected in block <PROJECT_MIPS>.
WARNING:Xst:2677 - Node <REGISTER_FILE/Mram_RegArray_ren55> of sequential type is unconnected in block <PROJECT_MIPS>.
WARNING:Xst:2677 - Node <REGISTER_FILE/Mram_RegArray_ren59> of sequential type is unconnected in block <PROJECT_MIPS>.
WARNING:Xst:2677 - Node <REGISTER_FILE/Mram_RegArray_ren57> of sequential type is unconnected in block <PROJECT_MIPS>.
WARNING:Xst:2677 - Node <REGISTER_FILE/Mram_RegArray_ren58> of sequential type is unconnected in block <PROJECT_MIPS>.
WARNING:Xst:2677 - Node <REGISTER_FILE/Mram_RegArray_ren62> of sequential type is unconnected in block <PROJECT_MIPS>.
WARNING:Xst:2677 - Node <REGISTER_FILE/Mram_RegArray_ren60> of sequential type is unconnected in block <PROJECT_MIPS>.
WARNING:Xst:2677 - Node <REGISTER_FILE/Mram_RegArray_ren61> of sequential type is unconnected in block <PROJECT_MIPS>.
WARNING:Xst:2677 - Node <REGISTER_FILE/Mram_RegArray_ren63> of sequential type is unconnected in block <PROJECT_MIPS>.
WARNING:Xst:2677 - Node <REGISTER_FILE/Mram_RegArray_ren64> of sequential type is unconnected in block <PROJECT_MIPS>.
WARNING:Xst:2677 - Node <MEM/DataRead_28> of sequential type is unconnected in block <PROJECT_MIPS>.
WARNING:Xst:2677 - Node <MEM/DataRead_29> of sequential type is unconnected in block <PROJECT_MIPS>.
WARNING:Xst:2677 - Node <MEM/DataRead_0> of sequential type is unconnected in block <PROJECT_MIPS>.
WARNING:Xst:2677 - Node <MEM/DataRead_1> of sequential type is unconnected in block <PROJECT_MIPS>.
WARNING:Xst:2677 - Node <MEM/DataRead_10> of sequential type is unconnected in block <PROJECT_MIPS>.
WARNING:Xst:2677 - Node <MEM/DataRead_2> of sequential type is unconnected in block <PROJECT_MIPS>.
WARNING:Xst:2677 - Node <MEM/DataRead_11> of sequential type is unconnected in block <PROJECT_MIPS>.
WARNING:Xst:2677 - Node <MEM/DataRead_3> of sequential type is unconnected in block <PROJECT_MIPS>.
WARNING:Xst:2677 - Node <MEM/DataRead_12> of sequential type is unconnected in block <PROJECT_MIPS>.
WARNING:Xst:2677 - Node <MEM/DataRead_4> of sequential type is unconnected in block <PROJECT_MIPS>.
WARNING:Xst:2677 - Node <MEM/DataRead_13> of sequential type is unconnected in block <PROJECT_MIPS>.
WARNING:Xst:2677 - Node <MEM/DataRead_5> of sequential type is unconnected in block <PROJECT_MIPS>.
WARNING:Xst:2677 - Node <MEM/DataRead_14> of sequential type is unconnected in block <PROJECT_MIPS>.
WARNING:Xst:2677 - Node <MEM/DataRead_6> of sequential type is unconnected in block <PROJECT_MIPS>.
WARNING:Xst:2677 - Node <MEM/DataRead_20> of sequential type is unconnected in block <PROJECT_MIPS>.
WARNING:Xst:2677 - Node <MEM/DataRead_15> of sequential type is unconnected in block <PROJECT_MIPS>.
WARNING:Xst:2677 - Node <MEM/DataRead_7> of sequential type is unconnected in block <PROJECT_MIPS>.
WARNING:Xst:2677 - Node <MEM/DataRead_21> of sequential type is unconnected in block <PROJECT_MIPS>.
WARNING:Xst:2677 - Node <MEM/DataRead_16> of sequential type is unconnected in block <PROJECT_MIPS>.
WARNING:Xst:2677 - Node <MEM/DataRead_8> of sequential type is unconnected in block <PROJECT_MIPS>.
WARNING:Xst:2677 - Node <MEM/DataRead_22> of sequential type is unconnected in block <PROJECT_MIPS>.
WARNING:Xst:2677 - Node <MEM/DataRead_17> of sequential type is unconnected in block <PROJECT_MIPS>.
WARNING:Xst:2677 - Node <MEM/DataRead_9> of sequential type is unconnected in block <PROJECT_MIPS>.
WARNING:Xst:2677 - Node <MEM/DataRead_23> of sequential type is unconnected in block <PROJECT_MIPS>.
WARNING:Xst:2677 - Node <MEM/DataRead_18> of sequential type is unconnected in block <PROJECT_MIPS>.
WARNING:Xst:2677 - Node <MEM/DataRead_24> of sequential type is unconnected in block <PROJECT_MIPS>.
WARNING:Xst:2677 - Node <MEM/DataRead_19> of sequential type is unconnected in block <PROJECT_MIPS>.
WARNING:Xst:2677 - Node <MEM/DataRead_30> of sequential type is unconnected in block <PROJECT_MIPS>.
WARNING:Xst:2677 - Node <MEM/DataRead_25> of sequential type is unconnected in block <PROJECT_MIPS>.
WARNING:Xst:2677 - Node <MEM/DataRead_31> of sequential type is unconnected in block <PROJECT_MIPS>.
WARNING:Xst:2677 - Node <MEM/DataRead_26> of sequential type is unconnected in block <PROJECT_MIPS>.
WARNING:Xst:2677 - Node <MEM/DataRead_27> of sequential type is unconnected in block <PROJECT_MIPS>.
WARNING:Xst:2677 - Node <MEM/RAM_9_7> of sequential type is unconnected in block <PROJECT_MIPS>.
WARNING:Xst:2677 - Node <MEM/RAM_9_6> of sequential type is unconnected in block <PROJECT_MIPS>.
WARNING:Xst:2677 - Node <MEM/RAM_9_5> of sequential type is unconnected in block <PROJECT_MIPS>.
WARNING:Xst:2677 - Node <MEM/RAM_9_4> of sequential type is unconnected in block <PROJECT_MIPS>.
WARNING:Xst:2677 - Node <MEM/RAM_9_3> of sequential type is unconnected in block <PROJECT_MIPS>.
WARNING:Xst:2677 - Node <MEM/RAM_9_2> of sequential type is unconnected in block <PROJECT_MIPS>.
WARNING:Xst:2677 - Node <MEM/RAM_9_1> of sequential type is unconnected in block <PROJECT_MIPS>.
WARNING:Xst:2677 - Node <MEM/RAM_9_0> of sequential type is unconnected in block <PROJECT_MIPS>.
WARNING:Xst:2677 - Node <MEM/RAM_8_7> of sequential type is unconnected in block <PROJECT_MIPS>.
WARNING:Xst:2677 - Node <MEM/RAM_8_6> of sequential type is unconnected in block <PROJECT_MIPS>.
WARNING:Xst:2677 - Node <MEM/RAM_8_5> of sequential type is unconnected in block <PROJECT_MIPS>.
WARNING:Xst:2677 - Node <MEM/RAM_8_4> of sequential type is unconnected in block <PROJECT_MIPS>.
WARNING:Xst:2677 - Node <MEM/RAM_8_3> of sequential type is unconnected in block <PROJECT_MIPS>.
WARNING:Xst:2677 - Node <MEM/RAM_8_2> of sequential type is unconnected in block <PROJECT_MIPS>.
WARNING:Xst:2677 - Node <MEM/RAM_8_1> of sequential type is unconnected in block <PROJECT_MIPS>.
WARNING:Xst:2677 - Node <MEM/RAM_8_0> of sequential type is unconnected in block <PROJECT_MIPS>.
WARNING:Xst:2677 - Node <MEM/RAM_7_7> of sequential type is unconnected in block <PROJECT_MIPS>.
WARNING:Xst:2677 - Node <MEM/RAM_7_6> of sequential type is unconnected in block <PROJECT_MIPS>.
WARNING:Xst:2677 - Node <MEM/RAM_7_5> of sequential type is unconnected in block <PROJECT_MIPS>.
WARNING:Xst:2677 - Node <MEM/RAM_7_4> of sequential type is unconnected in block <PROJECT_MIPS>.
WARNING:Xst:2677 - Node <MEM/RAM_7_3> of sequential type is unconnected in block <PROJECT_MIPS>.
WARNING:Xst:2677 - Node <MEM/RAM_7_2> of sequential type is unconnected in block <PROJECT_MIPS>.
WARNING:Xst:2677 - Node <MEM/RAM_7_1> of sequential type is unconnected in block <PROJECT_MIPS>.
WARNING:Xst:2677 - Node <MEM/RAM_7_0> of sequential type is unconnected in block <PROJECT_MIPS>.
WARNING:Xst:2677 - Node <MEM/RAM_35_7> of sequential type is unconnected in block <PROJECT_MIPS>.
WARNING:Xst:2677 - Node <MEM/RAM_35_6> of sequential type is unconnected in block <PROJECT_MIPS>.
WARNING:Xst:2677 - Node <MEM/RAM_35_5> of sequential type is unconnected in block <PROJECT_MIPS>.
WARNING:Xst:2677 - Node <MEM/RAM_35_4> of sequential type is unconnected in block <PROJECT_MIPS>.
WARNING:Xst:2677 - Node <MEM/RAM_35_3> of sequential type is unconnected in block <PROJECT_MIPS>.
WARNING:Xst:2677 - Node <MEM/RAM_35_2> of sequential type is unconnected in block <PROJECT_MIPS>.
WARNING:Xst:2677 - Node <MEM/RAM_35_1> of sequential type is unconnected in block <PROJECT_MIPS>.
WARNING:Xst:2677 - Node <MEM/RAM_35_0> of sequential type is unconnected in block <PROJECT_MIPS>.
WARNING:Xst:2677 - Node <MEM/RAM_6_7> of sequential type is unconnected in block <PROJECT_MIPS>.
WARNING:Xst:2677 - Node <MEM/RAM_6_6> of sequential type is unconnected in block <PROJECT_MIPS>.
WARNING:Xst:2677 - Node <MEM/RAM_6_5> of sequential type is unconnected in block <PROJECT_MIPS>.
WARNING:Xst:2677 - Node <MEM/RAM_6_4> of sequential type is unconnected in block <PROJECT_MIPS>.
WARNING:Xst:2677 - Node <MEM/RAM_6_3> of sequential type is unconnected in block <PROJECT_MIPS>.
WARNING:Xst:2677 - Node <MEM/RAM_6_2> of sequential type is unconnected in block <PROJECT_MIPS>.
WARNING:Xst:2677 - Node <MEM/RAM_6_1> of sequential type is unconnected in block <PROJECT_MIPS>.
WARNING:Xst:2677 - Node <MEM/RAM_6_0> of sequential type is unconnected in block <PROJECT_MIPS>.
WARNING:Xst:2677 - Node <MEM/RAM_29_7> of sequential type is unconnected in block <PROJECT_MIPS>.
WARNING:Xst:2677 - Node <MEM/RAM_29_6> of sequential type is unconnected in block <PROJECT_MIPS>.
WARNING:Xst:2677 - Node <MEM/RAM_29_5> of sequential type is unconnected in block <PROJECT_MIPS>.
WARNING:Xst:2677 - Node <MEM/RAM_29_4> of sequential type is unconnected in block <PROJECT_MIPS>.
WARNING:Xst:2677 - Node <MEM/RAM_29_3> of sequential type is unconnected in block <PROJECT_MIPS>.
WARNING:Xst:2677 - Node <MEM/RAM_29_2> of sequential type is unconnected in block <PROJECT_MIPS>.
WARNING:Xst:2677 - Node <MEM/RAM_29_1> of sequential type is unconnected in block <PROJECT_MIPS>.
WARNING:Xst:2677 - Node <MEM/RAM_29_0> of sequential type is unconnected in block <PROJECT_MIPS>.
WARNING:Xst:2677 - Node <MEM/RAM_5_7> of sequential type is unconnected in block <PROJECT_MIPS>.
WARNING:Xst:2677 - Node <MEM/RAM_5_6> of sequential type is unconnected in block <PROJECT_MIPS>.
WARNING:Xst:2677 - Node <MEM/RAM_5_5> of sequential type is unconnected in block <PROJECT_MIPS>.
WARNING:Xst:2677 - Node <MEM/RAM_5_4> of sequential type is unconnected in block <PROJECT_MIPS>.
WARNING:Xst:2677 - Node <MEM/RAM_5_3> of sequential type is unconnected in block <PROJECT_MIPS>.
WARNING:Xst:2677 - Node <MEM/RAM_5_2> of sequential type is unconnected in block <PROJECT_MIPS>.
WARNING:Xst:2677 - Node <MEM/RAM_5_1> of sequential type is unconnected in block <PROJECT_MIPS>.
WARNING:Xst:2677 - Node <MEM/RAM_5_0> of sequential type is unconnected in block <PROJECT_MIPS>.
WARNING:Xst:2677 - Node <MEM/RAM_28_7> of sequential type is unconnected in block <PROJECT_MIPS>.
WARNING:Xst:2677 - Node <MEM/RAM_28_6> of sequential type is unconnected in block <PROJECT_MIPS>.
WARNING:Xst:2677 - Node <MEM/RAM_28_5> of sequential type is unconnected in block <PROJECT_MIPS>.
WARNING:Xst:2677 - Node <MEM/RAM_28_4> of sequential type is unconnected in block <PROJECT_MIPS>.
WARNING:Xst:2677 - Node <MEM/RAM_28_3> of sequential type is unconnected in block <PROJECT_MIPS>.
WARNING:Xst:2677 - Node <MEM/RAM_28_2> of sequential type is unconnected in block <PROJECT_MIPS>.
WARNING:Xst:2677 - Node <MEM/RAM_28_1> of sequential type is unconnected in block <PROJECT_MIPS>.
WARNING:Xst:2677 - Node <MEM/RAM_28_0> of sequential type is unconnected in block <PROJECT_MIPS>.
WARNING:Xst:2677 - Node <MEM/RAM_34_7> of sequential type is unconnected in block <PROJECT_MIPS>.
WARNING:Xst:2677 - Node <MEM/RAM_34_6> of sequential type is unconnected in block <PROJECT_MIPS>.
WARNING:Xst:2677 - Node <MEM/RAM_34_5> of sequential type is unconnected in block <PROJECT_MIPS>.
WARNING:Xst:2677 - Node <MEM/RAM_34_4> of sequential type is unconnected in block <PROJECT_MIPS>.
WARNING:Xst:2677 - Node <MEM/RAM_34_3> of sequential type is unconnected in block <PROJECT_MIPS>.
WARNING:Xst:2677 - Node <MEM/RAM_34_2> of sequential type is unconnected in block <PROJECT_MIPS>.
WARNING:Xst:2677 - Node <MEM/RAM_34_1> of sequential type is unconnected in block <PROJECT_MIPS>.
WARNING:Xst:2677 - Node <MEM/RAM_34_0> of sequential type is unconnected in block <PROJECT_MIPS>.
WARNING:Xst:2677 - Node <MEM/RAM_33_7> of sequential type is unconnected in block <PROJECT_MIPS>.
WARNING:Xst:2677 - Node <MEM/RAM_33_6> of sequential type is unconnected in block <PROJECT_MIPS>.
WARNING:Xst:2677 - Node <MEM/RAM_33_5> of sequential type is unconnected in block <PROJECT_MIPS>.
WARNING:Xst:2677 - Node <MEM/RAM_33_4> of sequential type is unconnected in block <PROJECT_MIPS>.
WARNING:Xst:2677 - Node <MEM/RAM_33_3> of sequential type is unconnected in block <PROJECT_MIPS>.
WARNING:Xst:2677 - Node <MEM/RAM_33_2> of sequential type is unconnected in block <PROJECT_MIPS>.
WARNING:Xst:2677 - Node <MEM/RAM_33_1> of sequential type is unconnected in block <PROJECT_MIPS>.
WARNING:Xst:2677 - Node <MEM/RAM_33_0> of sequential type is unconnected in block <PROJECT_MIPS>.
WARNING:Xst:2677 - Node <MEM/RAM_4_7> of sequential type is unconnected in block <PROJECT_MIPS>.
WARNING:Xst:2677 - Node <MEM/RAM_4_6> of sequential type is unconnected in block <PROJECT_MIPS>.
WARNING:Xst:2677 - Node <MEM/RAM_4_5> of sequential type is unconnected in block <PROJECT_MIPS>.
WARNING:Xst:2677 - Node <MEM/RAM_4_4> of sequential type is unconnected in block <PROJECT_MIPS>.
WARNING:Xst:2677 - Node <MEM/RAM_4_3> of sequential type is unconnected in block <PROJECT_MIPS>.
WARNING:Xst:2677 - Node <MEM/RAM_4_2> of sequential type is unconnected in block <PROJECT_MIPS>.
WARNING:Xst:2677 - Node <MEM/RAM_4_1> of sequential type is unconnected in block <PROJECT_MIPS>.
WARNING:Xst:2677 - Node <MEM/RAM_4_0> of sequential type is unconnected in block <PROJECT_MIPS>.
WARNING:Xst:2677 - Node <MEM/RAM_32_7> of sequential type is unconnected in block <PROJECT_MIPS>.
WARNING:Xst:2677 - Node <MEM/RAM_32_6> of sequential type is unconnected in block <PROJECT_MIPS>.
WARNING:Xst:2677 - Node <MEM/RAM_32_5> of sequential type is unconnected in block <PROJECT_MIPS>.
WARNING:Xst:2677 - Node <MEM/RAM_32_4> of sequential type is unconnected in block <PROJECT_MIPS>.
WARNING:Xst:2677 - Node <MEM/RAM_32_3> of sequential type is unconnected in block <PROJECT_MIPS>.
WARNING:Xst:2677 - Node <MEM/RAM_32_2> of sequential type is unconnected in block <PROJECT_MIPS>.
WARNING:Xst:2677 - Node <MEM/RAM_32_1> of sequential type is unconnected in block <PROJECT_MIPS>.
WARNING:Xst:2677 - Node <MEM/RAM_32_0> of sequential type is unconnected in block <PROJECT_MIPS>.
WARNING:Xst:2677 - Node <MEM/RAM_3_7> of sequential type is unconnected in block <PROJECT_MIPS>.
WARNING:Xst:2677 - Node <MEM/RAM_3_6> of sequential type is unconnected in block <PROJECT_MIPS>.
WARNING:Xst:2677 - Node <MEM/RAM_3_5> of sequential type is unconnected in block <PROJECT_MIPS>.
WARNING:Xst:2677 - Node <MEM/RAM_3_4> of sequential type is unconnected in block <PROJECT_MIPS>.
WARNING:Xst:2677 - Node <MEM/RAM_3_3> of sequential type is unconnected in block <PROJECT_MIPS>.
WARNING:Xst:2677 - Node <MEM/RAM_3_2> of sequential type is unconnected in block <PROJECT_MIPS>.
WARNING:Xst:2677 - Node <MEM/RAM_3_1> of sequential type is unconnected in block <PROJECT_MIPS>.
WARNING:Xst:2677 - Node <MEM/RAM_3_0> of sequential type is unconnected in block <PROJECT_MIPS>.
WARNING:Xst:2677 - Node <MEM/RAM_27_7> of sequential type is unconnected in block <PROJECT_MIPS>.
WARNING:Xst:2677 - Node <MEM/RAM_27_6> of sequential type is unconnected in block <PROJECT_MIPS>.
WARNING:Xst:2677 - Node <MEM/RAM_27_5> of sequential type is unconnected in block <PROJECT_MIPS>.
WARNING:Xst:2677 - Node <MEM/RAM_27_4> of sequential type is unconnected in block <PROJECT_MIPS>.
WARNING:Xst:2677 - Node <MEM/RAM_27_3> of sequential type is unconnected in block <PROJECT_MIPS>.
WARNING:Xst:2677 - Node <MEM/RAM_27_2> of sequential type is unconnected in block <PROJECT_MIPS>.
WARNING:Xst:2677 - Node <MEM/RAM_27_1> of sequential type is unconnected in block <PROJECT_MIPS>.
WARNING:Xst:2677 - Node <MEM/RAM_27_0> of sequential type is unconnected in block <PROJECT_MIPS>.
WARNING:Xst:2677 - Node <MEM/RAM_26_7> of sequential type is unconnected in block <PROJECT_MIPS>.
WARNING:Xst:2677 - Node <MEM/RAM_26_6> of sequential type is unconnected in block <PROJECT_MIPS>.
WARNING:Xst:2677 - Node <MEM/RAM_26_5> of sequential type is unconnected in block <PROJECT_MIPS>.
WARNING:Xst:2677 - Node <MEM/RAM_26_4> of sequential type is unconnected in block <PROJECT_MIPS>.
WARNING:Xst:2677 - Node <MEM/RAM_26_3> of sequential type is unconnected in block <PROJECT_MIPS>.
WARNING:Xst:2677 - Node <MEM/RAM_26_2> of sequential type is unconnected in block <PROJECT_MIPS>.
WARNING:Xst:2677 - Node <MEM/RAM_26_1> of sequential type is unconnected in block <PROJECT_MIPS>.
WARNING:Xst:2677 - Node <MEM/RAM_26_0> of sequential type is unconnected in block <PROJECT_MIPS>.
WARNING:Xst:2677 - Node <MEM/RAM_31_7> of sequential type is unconnected in block <PROJECT_MIPS>.
WARNING:Xst:2677 - Node <MEM/RAM_31_6> of sequential type is unconnected in block <PROJECT_MIPS>.
WARNING:Xst:2677 - Node <MEM/RAM_31_5> of sequential type is unconnected in block <PROJECT_MIPS>.
WARNING:Xst:2677 - Node <MEM/RAM_31_4> of sequential type is unconnected in block <PROJECT_MIPS>.
WARNING:Xst:2677 - Node <MEM/RAM_31_3> of sequential type is unconnected in block <PROJECT_MIPS>.
WARNING:Xst:2677 - Node <MEM/RAM_31_2> of sequential type is unconnected in block <PROJECT_MIPS>.
WARNING:Xst:2677 - Node <MEM/RAM_31_1> of sequential type is unconnected in block <PROJECT_MIPS>.
WARNING:Xst:2677 - Node <MEM/RAM_31_0> of sequential type is unconnected in block <PROJECT_MIPS>.
WARNING:Xst:2677 - Node <MEM/RAM_25_7> of sequential type is unconnected in block <PROJECT_MIPS>.
WARNING:Xst:2677 - Node <MEM/RAM_25_6> of sequential type is unconnected in block <PROJECT_MIPS>.
WARNING:Xst:2677 - Node <MEM/RAM_25_5> of sequential type is unconnected in block <PROJECT_MIPS>.
WARNING:Xst:2677 - Node <MEM/RAM_25_4> of sequential type is unconnected in block <PROJECT_MIPS>.
WARNING:Xst:2677 - Node <MEM/RAM_25_3> of sequential type is unconnected in block <PROJECT_MIPS>.
WARNING:Xst:2677 - Node <MEM/RAM_25_2> of sequential type is unconnected in block <PROJECT_MIPS>.
WARNING:Xst:2677 - Node <MEM/RAM_25_1> of sequential type is unconnected in block <PROJECT_MIPS>.
WARNING:Xst:2677 - Node <MEM/RAM_25_0> of sequential type is unconnected in block <PROJECT_MIPS>.
WARNING:Xst:2677 - Node <MEM/RAM_30_7> of sequential type is unconnected in block <PROJECT_MIPS>.
WARNING:Xst:2677 - Node <MEM/RAM_30_6> of sequential type is unconnected in block <PROJECT_MIPS>.
WARNING:Xst:2677 - Node <MEM/RAM_30_5> of sequential type is unconnected in block <PROJECT_MIPS>.
WARNING:Xst:2677 - Node <MEM/RAM_30_4> of sequential type is unconnected in block <PROJECT_MIPS>.
WARNING:Xst:2677 - Node <MEM/RAM_30_3> of sequential type is unconnected in block <PROJECT_MIPS>.
WARNING:Xst:2677 - Node <MEM/RAM_30_2> of sequential type is unconnected in block <PROJECT_MIPS>.
WARNING:Xst:2677 - Node <MEM/RAM_30_1> of sequential type is unconnected in block <PROJECT_MIPS>.
WARNING:Xst:2677 - Node <MEM/RAM_30_0> of sequential type is unconnected in block <PROJECT_MIPS>.
WARNING:Xst:2677 - Node <MEM/RAM_2_7> of sequential type is unconnected in block <PROJECT_MIPS>.
WARNING:Xst:2677 - Node <MEM/RAM_2_6> of sequential type is unconnected in block <PROJECT_MIPS>.
WARNING:Xst:2677 - Node <MEM/RAM_2_5> of sequential type is unconnected in block <PROJECT_MIPS>.
WARNING:Xst:2677 - Node <MEM/RAM_2_4> of sequential type is unconnected in block <PROJECT_MIPS>.
WARNING:Xst:2677 - Node <MEM/RAM_2_3> of sequential type is unconnected in block <PROJECT_MIPS>.
WARNING:Xst:2677 - Node <MEM/RAM_2_2> of sequential type is unconnected in block <PROJECT_MIPS>.
WARNING:Xst:2677 - Node <MEM/RAM_2_1> of sequential type is unconnected in block <PROJECT_MIPS>.
WARNING:Xst:2677 - Node <MEM/RAM_2_0> of sequential type is unconnected in block <PROJECT_MIPS>.
WARNING:Xst:2677 - Node <MEM/RAM_1_7> of sequential type is unconnected in block <PROJECT_MIPS>.
WARNING:Xst:2677 - Node <MEM/RAM_1_6> of sequential type is unconnected in block <PROJECT_MIPS>.
WARNING:Xst:2677 - Node <MEM/RAM_1_5> of sequential type is unconnected in block <PROJECT_MIPS>.
WARNING:Xst:2677 - Node <MEM/RAM_1_4> of sequential type is unconnected in block <PROJECT_MIPS>.
WARNING:Xst:2677 - Node <MEM/RAM_1_3> of sequential type is unconnected in block <PROJECT_MIPS>.
WARNING:Xst:2677 - Node <MEM/RAM_1_2> of sequential type is unconnected in block <PROJECT_MIPS>.
WARNING:Xst:2677 - Node <MEM/RAM_1_1> of sequential type is unconnected in block <PROJECT_MIPS>.
WARNING:Xst:2677 - Node <MEM/RAM_1_0> of sequential type is unconnected in block <PROJECT_MIPS>.
WARNING:Xst:2677 - Node <MEM/RAM_19_7> of sequential type is unconnected in block <PROJECT_MIPS>.
WARNING:Xst:2677 - Node <MEM/RAM_19_6> of sequential type is unconnected in block <PROJECT_MIPS>.
WARNING:Xst:2677 - Node <MEM/RAM_19_5> of sequential type is unconnected in block <PROJECT_MIPS>.
WARNING:Xst:2677 - Node <MEM/RAM_19_4> of sequential type is unconnected in block <PROJECT_MIPS>.
WARNING:Xst:2677 - Node <MEM/RAM_19_3> of sequential type is unconnected in block <PROJECT_MIPS>.
WARNING:Xst:2677 - Node <MEM/RAM_19_2> of sequential type is unconnected in block <PROJECT_MIPS>.
WARNING:Xst:2677 - Node <MEM/RAM_19_1> of sequential type is unconnected in block <PROJECT_MIPS>.
WARNING:Xst:2677 - Node <MEM/RAM_19_0> of sequential type is unconnected in block <PROJECT_MIPS>.
WARNING:Xst:2677 - Node <MEM/RAM_24_7> of sequential type is unconnected in block <PROJECT_MIPS>.
WARNING:Xst:2677 - Node <MEM/RAM_24_6> of sequential type is unconnected in block <PROJECT_MIPS>.
WARNING:Xst:2677 - Node <MEM/RAM_24_5> of sequential type is unconnected in block <PROJECT_MIPS>.
WARNING:Xst:2677 - Node <MEM/RAM_24_4> of sequential type is unconnected in block <PROJECT_MIPS>.
WARNING:Xst:2677 - Node <MEM/RAM_24_3> of sequential type is unconnected in block <PROJECT_MIPS>.
WARNING:Xst:2677 - Node <MEM/RAM_24_2> of sequential type is unconnected in block <PROJECT_MIPS>.
WARNING:Xst:2677 - Node <MEM/RAM_24_1> of sequential type is unconnected in block <PROJECT_MIPS>.
WARNING:Xst:2677 - Node <MEM/RAM_24_0> of sequential type is unconnected in block <PROJECT_MIPS>.
WARNING:Xst:2677 - Node <MEM/RAM_0_7> of sequential type is unconnected in block <PROJECT_MIPS>.
WARNING:Xst:2677 - Node <MEM/RAM_0_6> of sequential type is unconnected in block <PROJECT_MIPS>.
WARNING:Xst:2677 - Node <MEM/RAM_0_5> of sequential type is unconnected in block <PROJECT_MIPS>.
WARNING:Xst:2677 - Node <MEM/RAM_0_4> of sequential type is unconnected in block <PROJECT_MIPS>.
WARNING:Xst:2677 - Node <MEM/RAM_0_3> of sequential type is unconnected in block <PROJECT_MIPS>.
WARNING:Xst:2677 - Node <MEM/RAM_0_2> of sequential type is unconnected in block <PROJECT_MIPS>.
WARNING:Xst:2677 - Node <MEM/RAM_0_1> of sequential type is unconnected in block <PROJECT_MIPS>.
WARNING:Xst:2677 - Node <MEM/RAM_0_0> of sequential type is unconnected in block <PROJECT_MIPS>.
WARNING:Xst:2677 - Node <MEM/RAM_23_7> of sequential type is unconnected in block <PROJECT_MIPS>.
WARNING:Xst:2677 - Node <MEM/RAM_23_6> of sequential type is unconnected in block <PROJECT_MIPS>.
WARNING:Xst:2677 - Node <MEM/RAM_23_5> of sequential type is unconnected in block <PROJECT_MIPS>.
WARNING:Xst:2677 - Node <MEM/RAM_23_4> of sequential type is unconnected in block <PROJECT_MIPS>.
WARNING:Xst:2677 - Node <MEM/RAM_23_3> of sequential type is unconnected in block <PROJECT_MIPS>.
WARNING:Xst:2677 - Node <MEM/RAM_23_2> of sequential type is unconnected in block <PROJECT_MIPS>.
WARNING:Xst:2677 - Node <MEM/RAM_23_1> of sequential type is unconnected in block <PROJECT_MIPS>.
WARNING:Xst:2677 - Node <MEM/RAM_23_0> of sequential type is unconnected in block <PROJECT_MIPS>.
WARNING:Xst:2677 - Node <MEM/RAM_18_7> of sequential type is unconnected in block <PROJECT_MIPS>.
WARNING:Xst:2677 - Node <MEM/RAM_18_6> of sequential type is unconnected in block <PROJECT_MIPS>.
WARNING:Xst:2677 - Node <MEM/RAM_18_5> of sequential type is unconnected in block <PROJECT_MIPS>.
WARNING:Xst:2677 - Node <MEM/RAM_18_4> of sequential type is unconnected in block <PROJECT_MIPS>.
WARNING:Xst:2677 - Node <MEM/RAM_18_3> of sequential type is unconnected in block <PROJECT_MIPS>.
WARNING:Xst:2677 - Node <MEM/RAM_18_2> of sequential type is unconnected in block <PROJECT_MIPS>.
WARNING:Xst:2677 - Node <MEM/RAM_18_1> of sequential type is unconnected in block <PROJECT_MIPS>.
WARNING:Xst:2677 - Node <MEM/RAM_18_0> of sequential type is unconnected in block <PROJECT_MIPS>.
WARNING:Xst:2677 - Node <MEM/RAM_17_7> of sequential type is unconnected in block <PROJECT_MIPS>.
WARNING:Xst:2677 - Node <MEM/RAM_17_6> of sequential type is unconnected in block <PROJECT_MIPS>.
WARNING:Xst:2677 - Node <MEM/RAM_17_5> of sequential type is unconnected in block <PROJECT_MIPS>.
WARNING:Xst:2677 - Node <MEM/RAM_17_4> of sequential type is unconnected in block <PROJECT_MIPS>.
WARNING:Xst:2677 - Node <MEM/RAM_17_3> of sequential type is unconnected in block <PROJECT_MIPS>.
WARNING:Xst:2677 - Node <MEM/RAM_17_2> of sequential type is unconnected in block <PROJECT_MIPS>.
WARNING:Xst:2677 - Node <MEM/RAM_17_1> of sequential type is unconnected in block <PROJECT_MIPS>.
WARNING:Xst:2677 - Node <MEM/RAM_17_0> of sequential type is unconnected in block <PROJECT_MIPS>.
WARNING:Xst:2677 - Node <MEM/RAM_21_7> of sequential type is unconnected in block <PROJECT_MIPS>.
WARNING:Xst:2677 - Node <MEM/RAM_21_6> of sequential type is unconnected in block <PROJECT_MIPS>.
WARNING:Xst:2677 - Node <MEM/RAM_21_5> of sequential type is unconnected in block <PROJECT_MIPS>.
WARNING:Xst:2677 - Node <MEM/RAM_21_4> of sequential type is unconnected in block <PROJECT_MIPS>.
WARNING:Xst:2677 - Node <MEM/RAM_21_3> of sequential type is unconnected in block <PROJECT_MIPS>.
WARNING:Xst:2677 - Node <MEM/RAM_21_2> of sequential type is unconnected in block <PROJECT_MIPS>.
WARNING:Xst:2677 - Node <MEM/RAM_21_1> of sequential type is unconnected in block <PROJECT_MIPS>.
WARNING:Xst:2677 - Node <MEM/RAM_21_0> of sequential type is unconnected in block <PROJECT_MIPS>.
WARNING:Xst:2677 - Node <MEM/RAM_22_7> of sequential type is unconnected in block <PROJECT_MIPS>.
WARNING:Xst:2677 - Node <MEM/RAM_22_6> of sequential type is unconnected in block <PROJECT_MIPS>.
WARNING:Xst:2677 - Node <MEM/RAM_22_5> of sequential type is unconnected in block <PROJECT_MIPS>.
WARNING:Xst:2677 - Node <MEM/RAM_22_4> of sequential type is unconnected in block <PROJECT_MIPS>.
WARNING:Xst:2677 - Node <MEM/RAM_22_3> of sequential type is unconnected in block <PROJECT_MIPS>.
WARNING:Xst:2677 - Node <MEM/RAM_22_2> of sequential type is unconnected in block <PROJECT_MIPS>.
WARNING:Xst:2677 - Node <MEM/RAM_22_1> of sequential type is unconnected in block <PROJECT_MIPS>.
WARNING:Xst:2677 - Node <MEM/RAM_22_0> of sequential type is unconnected in block <PROJECT_MIPS>.
WARNING:Xst:2677 - Node <MEM/RAM_16_7> of sequential type is unconnected in block <PROJECT_MIPS>.
WARNING:Xst:2677 - Node <MEM/RAM_16_6> of sequential type is unconnected in block <PROJECT_MIPS>.
WARNING:Xst:2677 - Node <MEM/RAM_16_5> of sequential type is unconnected in block <PROJECT_MIPS>.
WARNING:Xst:2677 - Node <MEM/RAM_16_4> of sequential type is unconnected in block <PROJECT_MIPS>.
WARNING:Xst:2677 - Node <MEM/RAM_16_3> of sequential type is unconnected in block <PROJECT_MIPS>.
WARNING:Xst:2677 - Node <MEM/RAM_16_2> of sequential type is unconnected in block <PROJECT_MIPS>.
WARNING:Xst:2677 - Node <MEM/RAM_16_1> of sequential type is unconnected in block <PROJECT_MIPS>.
WARNING:Xst:2677 - Node <MEM/RAM_16_0> of sequential type is unconnected in block <PROJECT_MIPS>.
WARNING:Xst:2677 - Node <MEM/RAM_20_7> of sequential type is unconnected in block <PROJECT_MIPS>.
WARNING:Xst:2677 - Node <MEM/RAM_20_6> of sequential type is unconnected in block <PROJECT_MIPS>.
WARNING:Xst:2677 - Node <MEM/RAM_20_5> of sequential type is unconnected in block <PROJECT_MIPS>.
WARNING:Xst:2677 - Node <MEM/RAM_20_4> of sequential type is unconnected in block <PROJECT_MIPS>.
WARNING:Xst:2677 - Node <MEM/RAM_20_3> of sequential type is unconnected in block <PROJECT_MIPS>.
WARNING:Xst:2677 - Node <MEM/RAM_20_2> of sequential type is unconnected in block <PROJECT_MIPS>.
WARNING:Xst:2677 - Node <MEM/RAM_20_1> of sequential type is unconnected in block <PROJECT_MIPS>.
WARNING:Xst:2677 - Node <MEM/RAM_20_0> of sequential type is unconnected in block <PROJECT_MIPS>.
WARNING:Xst:2677 - Node <MEM/RAM_14_7> of sequential type is unconnected in block <PROJECT_MIPS>.
WARNING:Xst:2677 - Node <MEM/RAM_14_6> of sequential type is unconnected in block <PROJECT_MIPS>.
WARNING:Xst:2677 - Node <MEM/RAM_14_5> of sequential type is unconnected in block <PROJECT_MIPS>.
WARNING:Xst:2677 - Node <MEM/RAM_14_4> of sequential type is unconnected in block <PROJECT_MIPS>.
WARNING:Xst:2677 - Node <MEM/RAM_14_3> of sequential type is unconnected in block <PROJECT_MIPS>.
WARNING:Xst:2677 - Node <MEM/RAM_14_2> of sequential type is unconnected in block <PROJECT_MIPS>.
WARNING:Xst:2677 - Node <MEM/RAM_14_1> of sequential type is unconnected in block <PROJECT_MIPS>.
WARNING:Xst:2677 - Node <MEM/RAM_14_0> of sequential type is unconnected in block <PROJECT_MIPS>.
WARNING:Xst:2677 - Node <MEM/RAM_13_7> of sequential type is unconnected in block <PROJECT_MIPS>.
WARNING:Xst:2677 - Node <MEM/RAM_13_6> of sequential type is unconnected in block <PROJECT_MIPS>.
WARNING:Xst:2677 - Node <MEM/RAM_13_5> of sequential type is unconnected in block <PROJECT_MIPS>.
WARNING:Xst:2677 - Node <MEM/RAM_13_4> of sequential type is unconnected in block <PROJECT_MIPS>.
WARNING:Xst:2677 - Node <MEM/RAM_13_3> of sequential type is unconnected in block <PROJECT_MIPS>.
WARNING:Xst:2677 - Node <MEM/RAM_13_2> of sequential type is unconnected in block <PROJECT_MIPS>.
WARNING:Xst:2677 - Node <MEM/RAM_13_1> of sequential type is unconnected in block <PROJECT_MIPS>.
WARNING:Xst:2677 - Node <MEM/RAM_13_0> of sequential type is unconnected in block <PROJECT_MIPS>.
WARNING:Xst:2677 - Node <MEM/RAM_15_7> of sequential type is unconnected in block <PROJECT_MIPS>.
WARNING:Xst:2677 - Node <MEM/RAM_15_6> of sequential type is unconnected in block <PROJECT_MIPS>.
WARNING:Xst:2677 - Node <MEM/RAM_15_5> of sequential type is unconnected in block <PROJECT_MIPS>.
WARNING:Xst:2677 - Node <MEM/RAM_15_4> of sequential type is unconnected in block <PROJECT_MIPS>.
WARNING:Xst:2677 - Node <MEM/RAM_15_3> of sequential type is unconnected in block <PROJECT_MIPS>.
WARNING:Xst:2677 - Node <MEM/RAM_15_2> of sequential type is unconnected in block <PROJECT_MIPS>.
WARNING:Xst:2677 - Node <MEM/RAM_15_1> of sequential type is unconnected in block <PROJECT_MIPS>.
WARNING:Xst:2677 - Node <MEM/RAM_15_0> of sequential type is unconnected in block <PROJECT_MIPS>.
WARNING:Xst:2677 - Node <MEM/RAM_12_7> of sequential type is unconnected in block <PROJECT_MIPS>.
WARNING:Xst:2677 - Node <MEM/RAM_12_6> of sequential type is unconnected in block <PROJECT_MIPS>.
WARNING:Xst:2677 - Node <MEM/RAM_12_5> of sequential type is unconnected in block <PROJECT_MIPS>.
WARNING:Xst:2677 - Node <MEM/RAM_12_4> of sequential type is unconnected in block <PROJECT_MIPS>.
WARNING:Xst:2677 - Node <MEM/RAM_12_3> of sequential type is unconnected in block <PROJECT_MIPS>.
WARNING:Xst:2677 - Node <MEM/RAM_12_2> of sequential type is unconnected in block <PROJECT_MIPS>.
WARNING:Xst:2677 - Node <MEM/RAM_12_1> of sequential type is unconnected in block <PROJECT_MIPS>.
WARNING:Xst:2677 - Node <MEM/RAM_12_0> of sequential type is unconnected in block <PROJECT_MIPS>.
WARNING:Xst:2677 - Node <MEM/RAM_11_7> of sequential type is unconnected in block <PROJECT_MIPS>.
WARNING:Xst:2677 - Node <MEM/RAM_11_6> of sequential type is unconnected in block <PROJECT_MIPS>.
WARNING:Xst:2677 - Node <MEM/RAM_11_5> of sequential type is unconnected in block <PROJECT_MIPS>.
WARNING:Xst:2677 - Node <MEM/RAM_11_4> of sequential type is unconnected in block <PROJECT_MIPS>.
WARNING:Xst:2677 - Node <MEM/RAM_11_3> of sequential type is unconnected in block <PROJECT_MIPS>.
WARNING:Xst:2677 - Node <MEM/RAM_11_2> of sequential type is unconnected in block <PROJECT_MIPS>.
WARNING:Xst:2677 - Node <MEM/RAM_11_1> of sequential type is unconnected in block <PROJECT_MIPS>.
WARNING:Xst:2677 - Node <MEM/RAM_11_0> of sequential type is unconnected in block <PROJECT_MIPS>.
WARNING:Xst:2677 - Node <MEM/RAM_10_7> of sequential type is unconnected in block <PROJECT_MIPS>.
WARNING:Xst:2677 - Node <MEM/RAM_10_6> of sequential type is unconnected in block <PROJECT_MIPS>.
WARNING:Xst:2677 - Node <MEM/RAM_10_5> of sequential type is unconnected in block <PROJECT_MIPS>.
WARNING:Xst:2677 - Node <MEM/RAM_10_4> of sequential type is unconnected in block <PROJECT_MIPS>.
WARNING:Xst:2677 - Node <MEM/RAM_10_3> of sequential type is unconnected in block <PROJECT_MIPS>.
WARNING:Xst:2677 - Node <MEM/RAM_10_2> of sequential type is unconnected in block <PROJECT_MIPS>.
WARNING:Xst:2677 - Node <MEM/RAM_10_1> of sequential type is unconnected in block <PROJECT_MIPS>.
WARNING:Xst:2677 - Node <MEM/RAM_10_0> of sequential type is unconnected in block <PROJECT_MIPS>.
WARNING:Xst:2677 - Node <CONTROL_UNIT/MemtoReg> of sequential type is unconnected in block <PROJECT_MIPS>.
WARNING:Xst:2677 - Node <CONTROL_UNIT/ALUOP0> of sequential type is unconnected in block <PROJECT_MIPS>.
WARNING:Xst:2677 - Node <CONTROL_UNIT/ALUOP1> of sequential type is unconnected in block <PROJECT_MIPS>.
WARNING:Xst:2677 - Node <CONTROL_UNIT/RegWrite> of sequential type is unconnected in block <PROJECT_MIPS>.
WARNING:Xst:2677 - Node <CONTROL_UNIT/MemRead> of sequential type is unconnected in block <PROJECT_MIPS>.
WARNING:Xst:2677 - Node <CONTROL_UNIT/MemWrite> of sequential type is unconnected in block <PROJECT_MIPS>.
WARNING:Xst:2677 - Node <CONTROL_UNIT/ALUSrc> of sequential type is unconnected in block <PROJECT_MIPS>.
WARNING:Xst:2677 - Node <CONTROL_UNIT/RegDst> of sequential type is unconnected in block <PROJECT_MIPS>.
WARNING:Xst:2677 - Node <PC_COUNT/temp_31> of sequential type is unconnected in block <PROJECT_MIPS>.
WARNING:Xst:2677 - Node <PC_COUNT/temp_30> of sequential type is unconnected in block <PROJECT_MIPS>.
WARNING:Xst:2677 - Node <PC_COUNT/temp_29> of sequential type is unconnected in block <PROJECT_MIPS>.
WARNING:Xst:2677 - Node <PC_COUNT/temp_28> of sequential type is unconnected in block <PROJECT_MIPS>.
WARNING:Xst:2677 - Node <PC_COUNT/temp_27> of sequential type is unconnected in block <PROJECT_MIPS>.
WARNING:Xst:2677 - Node <PC_COUNT/temp_26> of sequential type is unconnected in block <PROJECT_MIPS>.
WARNING:Xst:2677 - Node <PC_COUNT/temp_25> of sequential type is unconnected in block <PROJECT_MIPS>.
WARNING:Xst:2677 - Node <PC_COUNT/temp_24> of sequential type is unconnected in block <PROJECT_MIPS>.
WARNING:Xst:2677 - Node <PC_COUNT/temp_23> of sequential type is unconnected in block <PROJECT_MIPS>.
WARNING:Xst:2677 - Node <PC_COUNT/temp_22> of sequential type is unconnected in block <PROJECT_MIPS>.
WARNING:Xst:2677 - Node <PC_COUNT/temp_21> of sequential type is unconnected in block <PROJECT_MIPS>.
WARNING:Xst:2677 - Node <PC_COUNT/temp_20> of sequential type is unconnected in block <PROJECT_MIPS>.
WARNING:Xst:2677 - Node <PC_COUNT/temp_19> of sequential type is unconnected in block <PROJECT_MIPS>.
WARNING:Xst:2677 - Node <PC_COUNT/temp_18> of sequential type is unconnected in block <PROJECT_MIPS>.
WARNING:Xst:2677 - Node <PC_COUNT/temp_17> of sequential type is unconnected in block <PROJECT_MIPS>.
WARNING:Xst:2677 - Node <PC_COUNT/temp_16> of sequential type is unconnected in block <PROJECT_MIPS>.
WARNING:Xst:2677 - Node <PC_COUNT/temp_15> of sequential type is unconnected in block <PROJECT_MIPS>.
WARNING:Xst:2677 - Node <PC_COUNT/temp_14> of sequential type is unconnected in block <PROJECT_MIPS>.
WARNING:Xst:2677 - Node <PC_COUNT/temp_13> of sequential type is unconnected in block <PROJECT_MIPS>.
WARNING:Xst:2677 - Node <PC_COUNT/temp_12> of sequential type is unconnected in block <PROJECT_MIPS>.
WARNING:Xst:2677 - Node <PC_COUNT/temp_11> of sequential type is unconnected in block <PROJECT_MIPS>.
WARNING:Xst:2677 - Node <PC_COUNT/temp_10> of sequential type is unconnected in block <PROJECT_MIPS>.
WARNING:Xst:2677 - Node <PC_COUNT/temp_9> of sequential type is unconnected in block <PROJECT_MIPS>.
WARNING:Xst:2677 - Node <PC_COUNT/temp_8> of sequential type is unconnected in block <PROJECT_MIPS>.
WARNING:Xst:2677 - Node <PC_COUNT/temp_7> of sequential type is unconnected in block <PROJECT_MIPS>.
WARNING:Xst:2677 - Node <PC_COUNT/temp_6> of sequential type is unconnected in block <PROJECT_MIPS>.
WARNING:Xst:2677 - Node <PC_COUNT/temp_5> of sequential type is unconnected in block <PROJECT_MIPS>.
WARNING:Xst:2677 - Node <PC_COUNT/temp_4> of sequential type is unconnected in block <PROJECT_MIPS>.
WARNING:Xst:2677 - Node <PC_COUNT/temp_3> of sequential type is unconnected in block <PROJECT_MIPS>.
WARNING:Xst:2677 - Node <PC_COUNT/temp_2> of sequential type is unconnected in block <PROJECT_MIPS>.
WARNING:Xst:2677 - Node <PC_COUNT/temp_1> of sequential type is unconnected in block <PROJECT_MIPS>.
WARNING:Xst:2677 - Node <PC_COUNT/temp_0> of sequential type is unconnected in block <PROJECT_MIPS>.
WARNING:Xst:2677 - Node <ALUCONTROL/Operation_2> of sequential type is unconnected in block <PROJECT_MIPS>.
WARNING:Xst:2677 - Node <ALUCONTROL/Operation_1> of sequential type is unconnected in block <PROJECT_MIPS>.
WARNING:Xst:2677 - Node <ALUCONTROL/Operation_0> of sequential type is unconnected in block <PROJECT_MIPS>.
WARNING:Xst:2677 - Node <ALU/result_31> of sequential type is unconnected in block <PROJECT_MIPS>.
WARNING:Xst:2677 - Node <ALU/result_30> of sequential type is unconnected in block <PROJECT_MIPS>.
WARNING:Xst:2677 - Node <ALU/result_29> of sequential type is unconnected in block <PROJECT_MIPS>.
WARNING:Xst:2677 - Node <ALU/result_28> of sequential type is unconnected in block <PROJECT_MIPS>.
WARNING:Xst:2677 - Node <ALU/result_27> of sequential type is unconnected in block <PROJECT_MIPS>.
WARNING:Xst:2677 - Node <ALU/result_26> of sequential type is unconnected in block <PROJECT_MIPS>.
WARNING:Xst:2677 - Node <ALU/result_25> of sequential type is unconnected in block <PROJECT_MIPS>.
WARNING:Xst:2677 - Node <ALU/result_24> of sequential type is unconnected in block <PROJECT_MIPS>.
WARNING:Xst:2677 - Node <ALU/result_23> of sequential type is unconnected in block <PROJECT_MIPS>.
WARNING:Xst:2677 - Node <ALU/result_22> of sequential type is unconnected in block <PROJECT_MIPS>.
WARNING:Xst:2677 - Node <ALU/result_21> of sequential type is unconnected in block <PROJECT_MIPS>.
WARNING:Xst:2677 - Node <ALU/result_20> of sequential type is unconnected in block <PROJECT_MIPS>.
WARNING:Xst:2677 - Node <ALU/result_19> of sequential type is unconnected in block <PROJECT_MIPS>.
WARNING:Xst:2677 - Node <ALU/result_18> of sequential type is unconnected in block <PROJECT_MIPS>.
WARNING:Xst:2677 - Node <ALU/result_17> of sequential type is unconnected in block <PROJECT_MIPS>.
WARNING:Xst:2677 - Node <ALU/result_16> of sequential type is unconnected in block <PROJECT_MIPS>.
WARNING:Xst:2677 - Node <ALU/result_15> of sequential type is unconnected in block <PROJECT_MIPS>.
WARNING:Xst:2677 - Node <ALU/result_14> of sequential type is unconnected in block <PROJECT_MIPS>.
WARNING:Xst:2677 - Node <ALU/result_13> of sequential type is unconnected in block <PROJECT_MIPS>.
WARNING:Xst:2677 - Node <ALU/result_12> of sequential type is unconnected in block <PROJECT_MIPS>.
WARNING:Xst:2677 - Node <ALU/result_11> of sequential type is unconnected in block <PROJECT_MIPS>.
WARNING:Xst:2677 - Node <ALU/result_10> of sequential type is unconnected in block <PROJECT_MIPS>.
WARNING:Xst:2677 - Node <ALU/result_9> of sequential type is unconnected in block <PROJECT_MIPS>.
WARNING:Xst:2677 - Node <ALU/result_8> of sequential type is unconnected in block <PROJECT_MIPS>.
WARNING:Xst:2677 - Node <ALU/result_7> of sequential type is unconnected in block <PROJECT_MIPS>.
WARNING:Xst:2677 - Node <ALU/result_6> of sequential type is unconnected in block <PROJECT_MIPS>.
WARNING:Xst:2677 - Node <ALU/result_5> of sequential type is unconnected in block <PROJECT_MIPS>.
WARNING:Xst:2677 - Node <ALU/result_4> of sequential type is unconnected in block <PROJECT_MIPS>.
WARNING:Xst:2677 - Node <ALU/result_3> of sequential type is unconnected in block <PROJECT_MIPS>.
WARNING:Xst:2677 - Node <ALU/result_2> of sequential type is unconnected in block <PROJECT_MIPS>.
WARNING:Xst:2677 - Node <ALU/result_1> of sequential type is unconnected in block <PROJECT_MIPS>.
WARNING:Xst:2677 - Node <ALU/result_0> of sequential type is unconnected in block <PROJECT_MIPS>.

Mapping all equations...
Building and optimizing final netlist ...
Found area constraint ratio of 100 (+ 5) on block PROJECT_MIPS, actual ratio is 0.

Final Macro Processing ...

=========================================================================
Final Register Report

Found no macro
=========================================================================

=========================================================================
*                           Partition Report                            *
=========================================================================

Partition Implementation Status
-------------------------------

  No Partitions were found in this design.

-------------------------------

=========================================================================
*                            Final Report                               *
=========================================================================
Final Results
RTL Top Level Output File Name     : PROJECT_MIPS.ngr
Top Level Output File Name         : PROJECT_MIPS
Output Format                      : NGC
Optimization Goal                  : Speed
Keep Hierarchy                     : No

Design Statistics
# IOs                              : 1

Cell Usage :
=========================================================================

Device utilization summary:
---------------------------

Selected Device : 3s400pq208-4 

 Number of Slices:                        0  out of   3584     0%  
 Number of IOs:                           1
 Number of bonded IOBs:                   0  out of    141     0%  

---------------------------
Partition Resource Summary:
---------------------------

  No Partitions were found in this design.

---------------------------


=========================================================================
TIMING REPORT

NOTE: THESE TIMING NUMBERS ARE ONLY A SYNTHESIS ESTIMATE.
      FOR ACCURATE TIMING INFORMATION PLEASE REFER TO THE TRACE REPORT
      GENERATED AFTER PLACE-and-ROUTE.

Clock Information:
------------------
No clock signals found in this design

Asynchronous Control Signals Information:
----------------------------------------
No asynchronous control signals found in this design

Timing Summary:
---------------
Speed Grade: -4

   Minimum period: No path found
   Minimum input arrival time before clock: No path found
   Maximum output required time after clock: No path found
   Maximum combinational path delay: No path found

Timing Detail:
--------------
All values displayed in nanoseconds (ns)

=========================================================================


Total REAL time to Xst completion: 11.00 secs
Total CPU time to Xst completion: 10.75 secs
 
--> 

Total memory usage is 4549168 kilobytes

Number of errors   :    0 (   0 filtered)
Number of warnings :  595 (   0 filtered)
Number of infos    :   19 (   0 filtered)

